{"/home/michaeladmin/code/typedox/src/backend/typedox.ts":{"path":"/home/michaeladmin/code/typedox/src/backend/typedox.ts","statementMap":{"0":{"start":{"line":2,"column":22},"end":{"line":12,"column":3}},"1":{"start":{"line":3,"column":4},"end":{"line":3,"column":33}},"2":{"start":{"line":3,"column":26},"end":{"line":3,"column":33}},"3":{"start":{"line":4,"column":15},"end":{"line":4,"column":52}},"4":{"start":{"line":5,"column":4},"end":{"line":7,"column":5}},"5":{"start":{"line":6,"column":6},"end":{"line":6,"column":68}},"6":{"start":{"line":6,"column":51},"end":{"line":6,"column":63}},"7":{"start":{"line":8,"column":4},"end":{"line":8,"column":39}},"8":{"start":{"line":10,"column":4},"end":{"line":10,"column":33}},"9":{"start":{"line":10,"column":26},"end":{"line":10,"column":33}},"10":{"start":{"line":11,"column":4},"end":{"line":11,"column":17}},"11":{"start":{"line":13,"column":25},"end":{"line":17,"column":2}},"12":{"start":{"line":14,"column":4},"end":{"line":14,"column":72}},"13":{"start":{"line":16,"column":4},"end":{"line":16,"column":21}},"14":{"start":{"line":18,"column":19},"end":{"line":24,"column":1}},"15":{"start":{"line":19,"column":4},"end":{"line":19,"column":42}},"16":{"start":{"line":19,"column":31},"end":{"line":19,"column":42}},"17":{"start":{"line":20,"column":17},"end":{"line":20,"column":19}},"18":{"start":{"line":21,"column":4},"end":{"line":21,"column":141}},"19":{"start":{"line":21,"column":21},"end":{"line":21,"column":141}},"20":{"start":{"line":21,"column":40},"end":{"line":21,"column":141}},"21":{"start":{"line":21,"column":109},"end":{"line":21,"column":141}},"22":{"start":{"line":22,"column":4},"end":{"line":22,"column":36}},"23":{"start":{"line":23,"column":4},"end":{"line":23,"column":18}},"24":{"start":{"line":25,"column":19},"end":{"line":27,"column":1}},"25":{"start":{"line":26,"column":4},"end":{"line":26,"column":126}},"26":{"start":{"line":26,"column":21},"end":{"line":26,"column":126}},"27":{"start":{"line":26,"column":95},"end":{"line":26,"column":126}},"28":{"start":{"line":28,"column":22},"end":{"line":30,"column":1}},"29":{"start":{"line":29,"column":4},"end":{"line":29,"column":62}},"30":{"start":{"line":31,"column":0},"end":{"line":31,"column":62}},"31":{"start":{"line":32,"column":0},"end":{"line":32,"column":304}},"32":{"start":{"line":33,"column":15},"end":{"line":33,"column":41}},"33":{"start":{"line":34,"column":0},"end":{"line":34,"column":39}},"34":{"start":{"line":35,"column":19},"end":{"line":35,"column":49}},"35":{"start":{"line":36,"column":0},"end":{"line":36,"column":119}},"36":{"start":{"line":36,"column":83},"end":{"line":36,"column":113}},"37":{"start":{"line":37,"column":19},"end":{"line":37,"column":59}},"38":{"start":{"line":38,"column":0},"end":{"line":38,"column":113}},"39":{"start":{"line":38,"column":80},"end":{"line":38,"column":107}},"40":{"start":{"line":39,"column":0},"end":{"line":39,"column":121}},"41":{"start":{"line":39,"column":84},"end":{"line":39,"column":115}},"42":{"start":{"line":40,"column":0},"end":{"line":40,"column":121}},"43":{"start":{"line":40,"column":84},"end":{"line":40,"column":115}},"44":{"start":{"line":41,"column":0},"end":{"line":41,"column":117}},"45":{"start":{"line":41,"column":82},"end":{"line":41,"column":111}},"46":{"start":{"line":42,"column":0},"end":{"line":42,"column":127}},"47":{"start":{"line":42,"column":87},"end":{"line":42,"column":121}},"48":{"start":{"line":43,"column":0},"end":{"line":43,"column":123}},"49":{"start":{"line":43,"column":85},"end":{"line":43,"column":117}},"50":{"start":{"line":44,"column":0},"end":{"line":44,"column":125}},"51":{"start":{"line":44,"column":86},"end":{"line":44,"column":119}},"52":{"start":{"line":45,"column":19},"end":{"line":45,"column":56}},"53":{"start":{"line":46,"column":0},"end":{"line":46,"column":121}},"54":{"start":{"line":46,"column":84},"end":{"line":46,"column":115}},"55":{"start":{"line":47,"column":16},"end":{"line":47,"column":64}},"56":{"start":{"line":48,"column":0},"end":{"line":48,"column":30}},"57":{"start":{"line":49,"column":13},"end":{"line":49,"column":57}},"58":{"start":{"line":50,"column":0},"end":{"line":50,"column":24}},"59":{"start":{"line":51,"column":10},"end":{"line":51,"column":61}},"60":{"start":{"line":52,"column":0},"end":{"line":52,"column":18}},"61":{"start":{"line":53,"column":9},"end":{"line":53,"column":38}},"62":{"start":{"line":54,"column":0},"end":{"line":54,"column":29}},"63":{"start":{"line":59,"column":0},"end":{"line":70,"column":75}},"64":{"start":{"line":60,"column":4},"end":{"line":60,"column":66}},"65":{"start":{"line":61,"column":4},"end":{"line":61,"column":72}},"66":{"start":{"line":62,"column":4},"end":{"line":62,"column":72}},"67":{"start":{"line":63,"column":4},"end":{"line":63,"column":64}},"68":{"start":{"line":64,"column":4},"end":{"line":64,"column":68}},"69":{"start":{"line":65,"column":4},"end":{"line":65,"column":68}},"70":{"start":{"line":66,"column":4},"end":{"line":66,"column":62}},"71":{"start":{"line":67,"column":4},"end":{"line":67,"column":60}},"72":{"start":{"line":68,"column":4},"end":{"line":68,"column":60}},"73":{"start":{"line":69,"column":4},"end":{"line":69,"column":66}},"74":{"start":{"line":71,"column":0},"end":{"line":71,"column":64}},"75":{"start":{"line":73,"column":0},"end":{"line":75,"column":36}},"76":{"start":{"line":74,"column":14},"end":{"line":74,"column":19}}},"fnMap":{"0":{"name":"(anonymous_0)","decl":{"start":{"line":2,"column":74},"end":{"line":2,"column":75}},"loc":{"start":{"line":2,"column":96},"end":{"line":9,"column":1}},"line":2},"1":{"name":"(anonymous_1)","decl":{"start":{"line":6,"column":38},"end":{"line":6,"column":39}},"loc":{"start":{"line":6,"column":49},"end":{"line":6,"column":65}},"line":6},"2":{"name":"(anonymous_2)","decl":{"start":{"line":9,"column":6},"end":{"line":9,"column":7}},"loc":{"start":{"line":9,"column":28},"end":{"line":12,"column":1}},"line":9},"3":{"name":"(anonymous_3)","decl":{"start":{"line":13,"column":80},"end":{"line":13,"column":81}},"loc":{"start":{"line":13,"column":95},"end":{"line":15,"column":1}},"line":13},"4":{"name":"(anonymous_4)","decl":{"start":{"line":15,"column":5},"end":{"line":15,"column":6}},"loc":{"start":{"line":15,"column":20},"end":{"line":17,"column":1}},"line":15},"5":{"name":"(anonymous_5)","decl":{"start":{"line":18,"column":50},"end":{"line":18,"column":51}},"loc":{"start":{"line":18,"column":65},"end":{"line":24,"column":1}},"line":18},"6":{"name":"(anonymous_6)","decl":{"start":{"line":25,"column":50},"end":{"line":25,"column":51}},"loc":{"start":{"line":25,"column":71},"end":{"line":27,"column":1}},"line":25},"7":{"name":"(anonymous_7)","decl":{"start":{"line":28,"column":56},"end":{"line":28,"column":57}},"loc":{"start":{"line":28,"column":71},"end":{"line":30,"column":1}},"line":28},"8":{"name":"(anonymous_8)","decl":{"start":{"line":36,"column":69},"end":{"line":36,"column":70}},"loc":{"start":{"line":36,"column":81},"end":{"line":36,"column":115}},"line":36},"9":{"name":"(anonymous_9)","decl":{"start":{"line":38,"column":66},"end":{"line":38,"column":67}},"loc":{"start":{"line":38,"column":78},"end":{"line":38,"column":109}},"line":38},"10":{"name":"(anonymous_10)","decl":{"start":{"line":39,"column":70},"end":{"line":39,"column":71}},"loc":{"start":{"line":39,"column":82},"end":{"line":39,"column":117}},"line":39},"11":{"name":"(anonymous_11)","decl":{"start":{"line":40,"column":70},"end":{"line":40,"column":71}},"loc":{"start":{"line":40,"column":82},"end":{"line":40,"column":117}},"line":40},"12":{"name":"(anonymous_12)","decl":{"start":{"line":41,"column":68},"end":{"line":41,"column":69}},"loc":{"start":{"line":41,"column":80},"end":{"line":41,"column":113}},"line":41},"13":{"name":"(anonymous_13)","decl":{"start":{"line":42,"column":73},"end":{"line":42,"column":74}},"loc":{"start":{"line":42,"column":85},"end":{"line":42,"column":123}},"line":42},"14":{"name":"(anonymous_14)","decl":{"start":{"line":43,"column":71},"end":{"line":43,"column":72}},"loc":{"start":{"line":43,"column":83},"end":{"line":43,"column":119}},"line":43},"15":{"name":"(anonymous_15)","decl":{"start":{"line":44,"column":72},"end":{"line":44,"column":73}},"loc":{"start":{"line":44,"column":84},"end":{"line":44,"column":121}},"line":44},"16":{"name":"(anonymous_16)","decl":{"start":{"line":46,"column":70},"end":{"line":46,"column":71}},"loc":{"start":{"line":46,"column":82},"end":{"line":46,"column":117}},"line":46},"17":{"name":"(anonymous_17)","decl":{"start":{"line":59,"column":1},"end":{"line":59,"column":2}},"loc":{"start":{"line":59,"column":29},"end":{"line":70,"column":1}},"line":59},"18":{"name":"(anonymous_18)","decl":{"start":{"line":73,"column":1},"end":{"line":73,"column":2}},"loc":{"start":{"line":73,"column":16},"end":{"line":75,"column":1}},"line":73}},"branchMap":{"0":{"loc":{"start":{"line":2,"column":22},"end":{"line":12,"column":3}},"type":"binary-expr","locations":[{"start":{"line":2,"column":23},"end":{"line":2,"column":27}},{"start":{"line":2,"column":31},"end":{"line":2,"column":51}},{"start":{"line":2,"column":57},"end":{"line":12,"column":2}}],"line":2},"1":{"loc":{"start":{"line":2,"column":57},"end":{"line":12,"column":2}},"type":"cond-expr","locations":[{"start":{"line":2,"column":74},"end":{"line":9,"column":1}},{"start":{"line":9,"column":6},"end":{"line":12,"column":1}}],"line":2},"2":{"loc":{"start":{"line":3,"column":4},"end":{"line":3,"column":33}},"type":"if","locations":[{"start":{"line":3,"column":4},"end":{"line":3,"column":33}},{"start":{"line":3,"column":4},"end":{"line":3,"column":33}}],"line":3},"3":{"loc":{"start":{"line":5,"column":4},"end":{"line":7,"column":5}},"type":"if","locations":[{"start":{"line":5,"column":4},"end":{"line":7,"column":5}},{"start":{"line":5,"column":4},"end":{"line":7,"column":5}}],"line":5},"4":{"loc":{"start":{"line":5,"column":8},"end":{"line":5,"column":85}},"type":"binary-expr","locations":[{"start":{"line":5,"column":8},"end":{"line":5,"column":13}},{"start":{"line":5,"column":18},"end":{"line":5,"column":84}}],"line":5},"5":{"loc":{"start":{"line":5,"column":18},"end":{"line":5,"column":84}},"type":"cond-expr","locations":[{"start":{"line":5,"column":34},"end":{"line":5,"column":47}},{"start":{"line":5,"column":50},"end":{"line":5,"column":84}}],"line":5},"6":{"loc":{"start":{"line":5,"column":50},"end":{"line":5,"column":84}},"type":"binary-expr","locations":[{"start":{"line":5,"column":50},"end":{"line":5,"column":63}},{"start":{"line":5,"column":67},"end":{"line":5,"column":84}}],"line":5},"7":{"loc":{"start":{"line":10,"column":4},"end":{"line":10,"column":33}},"type":"if","locations":[{"start":{"line":10,"column":4},"end":{"line":10,"column":33}},{"start":{"line":10,"column":4},"end":{"line":10,"column":33}}],"line":10},"8":{"loc":{"start":{"line":13,"column":25},"end":{"line":17,"column":2}},"type":"binary-expr","locations":[{"start":{"line":13,"column":26},"end":{"line":13,"column":30}},{"start":{"line":13,"column":34},"end":{"line":13,"column":57}},{"start":{"line":13,"column":63},"end":{"line":17,"column":1}}],"line":13},"9":{"loc":{"start":{"line":13,"column":63},"end":{"line":17,"column":1}},"type":"cond-expr","locations":[{"start":{"line":13,"column":80},"end":{"line":15,"column":1}},{"start":{"line":15,"column":5},"end":{"line":17,"column":1}}],"line":13},"10":{"loc":{"start":{"line":18,"column":19},"end":{"line":24,"column":1}},"type":"binary-expr","locations":[{"start":{"line":18,"column":20},"end":{"line":18,"column":24}},{"start":{"line":18,"column":28},"end":{"line":18,"column":45}},{"start":{"line":18,"column":50},"end":{"line":24,"column":1}}],"line":18},"11":{"loc":{"start":{"line":19,"column":4},"end":{"line":19,"column":42}},"type":"if","locations":[{"start":{"line":19,"column":4},"end":{"line":19,"column":42}},{"start":{"line":19,"column":4},"end":{"line":19,"column":42}}],"line":19},"12":{"loc":{"start":{"line":19,"column":8},"end":{"line":19,"column":29}},"type":"binary-expr","locations":[{"start":{"line":19,"column":8},"end":{"line":19,"column":11}},{"start":{"line":19,"column":15},"end":{"line":19,"column":29}}],"line":19},"13":{"loc":{"start":{"line":21,"column":4},"end":{"line":21,"column":141}},"type":"if","locations":[{"start":{"line":21,"column":4},"end":{"line":21,"column":141}},{"start":{"line":21,"column":4},"end":{"line":21,"column":141}}],"line":21},"14":{"loc":{"start":{"line":21,"column":40},"end":{"line":21,"column":141}},"type":"if","locations":[{"start":{"line":21,"column":40},"end":{"line":21,"column":141}},{"start":{"line":21,"column":40},"end":{"line":21,"column":141}}],"line":21},"15":{"loc":{"start":{"line":21,"column":44},"end":{"line":21,"column":107}},"type":"binary-expr","locations":[{"start":{"line":21,"column":44},"end":{"line":21,"column":59}},{"start":{"line":21,"column":63},"end":{"line":21,"column":107}}],"line":21},"16":{"loc":{"start":{"line":25,"column":19},"end":{"line":27,"column":1}},"type":"binary-expr","locations":[{"start":{"line":25,"column":20},"end":{"line":25,"column":24}},{"start":{"line":25,"column":28},"end":{"line":25,"column":45}},{"start":{"line":25,"column":50},"end":{"line":27,"column":1}}],"line":25},"17":{"loc":{"start":{"line":26,"column":21},"end":{"line":26,"column":126}},"type":"if","locations":[{"start":{"line":26,"column":21},"end":{"line":26,"column":126}},{"start":{"line":26,"column":21},"end":{"line":26,"column":126}}],"line":26},"18":{"loc":{"start":{"line":26,"column":25},"end":{"line":26,"column":93}},"type":"binary-expr","locations":[{"start":{"line":26,"column":25},"end":{"line":26,"column":40}},{"start":{"line":26,"column":44},"end":{"line":26,"column":93}}],"line":26},"19":{"loc":{"start":{"line":28,"column":22},"end":{"line":30,"column":1}},"type":"binary-expr","locations":[{"start":{"line":28,"column":23},"end":{"line":28,"column":27}},{"start":{"line":28,"column":31},"end":{"line":28,"column":51}},{"start":{"line":28,"column":56},"end":{"line":30,"column":1}}],"line":28},"20":{"loc":{"start":{"line":29,"column":11},"end":{"line":29,"column":61}},"type":"cond-expr","locations":[{"start":{"line":29,"column":37},"end":{"line":29,"column":40}},{"start":{"line":29,"column":43},"end":{"line":29,"column":61}}],"line":29},"21":{"loc":{"start":{"line":29,"column":12},"end":{"line":29,"column":33}},"type":"binary-expr","locations":[{"start":{"line":29,"column":12},"end":{"line":29,"column":15}},{"start":{"line":29,"column":19},"end":{"line":29,"column":33}}],"line":29},"22":{"loc":{"start":{"line":70,"column":3},"end":{"line":70,"column":73}},"type":"binary-expr","locations":[{"start":{"line":70,"column":3},"end":{"line":70,"column":19}},{"start":{"line":70,"column":24},"end":{"line":70,"column":72}}],"line":70},"23":{"loc":{"start":{"line":75,"column":3},"end":{"line":75,"column":34}},"type":"binary-expr","locations":[{"start":{"line":75,"column":3},"end":{"line":75,"column":6}},{"start":{"line":75,"column":11},"end":{"line":75,"column":33}}],"line":75}},"s":{"0":1,"1":0,"2":0,"3":0,"4":0,"5":0,"6":0,"7":0,"8":0,"9":0,"10":0,"11":1,"12":0,"13":0,"14":1,"15":3,"16":3,"17":0,"18":0,"19":0,"20":0,"21":0,"22":0,"23":0,"24":1,"25":1,"26":7,"27":0,"28":1,"29":1,"30":1,"31":1,"32":1,"33":1,"34":1,"35":1,"36":8,"37":1,"38":1,"39":3,"40":1,"41":1,"42":1,"43":1,"44":1,"45":113,"46":1,"47":113,"48":1,"49":6,"50":1,"51":26,"52":1,"53":1,"54":135,"55":1,"56":1,"57":1,"58":1,"59":1,"60":1,"61":1,"62":1,"63":1,"64":1,"65":1,"66":1,"67":1,"68":1,"69":1,"70":1,"71":1,"72":1,"73":1,"74":1,"75":1,"76":1},"f":{"0":0,"1":0,"2":0,"3":0,"4":0,"5":3,"6":1,"7":1,"8":8,"9":3,"10":1,"11":1,"12":113,"13":113,"14":6,"15":26,"16":135,"17":1,"18":1},"b":{"0":[1,1,1],"1":[1,0],"2":[0,0],"3":[0,0],"4":[0,0],"5":[0,0],"6":[0,0],"7":[0,0],"8":[1,1,1],"9":[1,0],"10":[1,1,1],"11":[3,0],"12":[3,3],"13":[0,0],"14":[0,0],"15":[0,0],"16":[1,1,1],"17":[0,7],"18":[7,7],"19":[1,1,1],"20":[1,0],"21":[1,1],"22":[1,1],"23":[1,1]},"inputSourceMap":{"version":3,"file":"/home/michaeladmin/code/typedox/src/backend/typedox.ts","sources":["/home/michaeladmin/code/typedox/src/backend/typedox.ts"],"names":[],"mappings":";;;;;;;;;;;;;;;;;;;;;;;;;;;;;;;;AACA,0CAAyC;AAC5B,QAAA,MAAM,GAAG,IAAI,eAAM,EAAE,CAAC;AAEnC,kDAAgD;AAsB/C,0FAtBQ,sBAAS,OAsBR;AArBV,4DAQuC;AActC,uFArBA,mBAAM,OAqBA;AACN,2FArBA,uBAAU,OAqBA;AACV,2FArBA,uBAAU,OAqBA;AACV,yFArBA,qBAAQ,OAqBA;AAER,8FAtBA,0BAAa,OAsBA;AACb,4FAtBA,wBAAW,OAsBA;AAFX,6FAnBA,yBAAY,OAmBA;AAjBb,yDAAwD;AAoBvD,2FApBQ,uBAAU,OAoBR;AAlBX,iEAAqD;AAOpD,8BAAS;AANV,0DAA8C;AAO7C,wBAAM;AANP,8DAAkD;AAOjD,kBAAG;AANJ,uCAAqB;AAErB,kBAAe,UAAI,CAAC;AAgBpB;;GAEG;AACH,IAAY,gBAWX;AAXD,WAAY,gBAAgB;IAC3B,6DAAO,CAAA;IACP,mEAAU,CAAA;IACV,mEAAU,CAAA;IACV,2DAAM,CAAA;IACN,+DAAQ,CAAA;IACR,+DAAQ,CAAA;IACR,yDAAK,CAAA;IACL,uDAAI,CAAA;IACJ,uDAAI,CAAA;IACJ,6DAAO,CAAA;AACR,CAAC,EAXW,gBAAgB,gCAAhB,gBAAgB,QAW3B;AAID,gEAA8C;AA0C9C,IAAiB,GAAG,CAEnB;AAFD,WAAiB,GAAG;IACnB,IAAM,GAAG,GAAG,KAAK,CAAC;AACnB,CAAC,EAFgB,GAAG,mBAAH,GAAG,QAEnB","sourcesContent":["import * as ts from 'typescript';\nimport { Logger } from './logger/Logger';\nexport const logger = new Logger();\n\nimport { DoxConfig } from './config/_namespace';\nimport {\n\tBranch,\n\tDoxProject,\n\tNpmPackage,\n\tRelation,\n\tTsDeclaration,\n\tTsReference,\n\tTsSourceFile,\n} from './projectStructure/_namespace';\nimport { TscWrapper } from './tscApiWrapper/_namespace';\n\nimport * as serialise from './serialiser/_namespace';\nimport * as config from './config/_namespace';\nimport * as tsc from './tscApiWrapper/_namespace';\nimport main from '.';\n\nexport default main;\nexport {\n\tserialise,\n\tconfig,\n\ttsc,\n\tDoxConfig,\n\tBranch,\n\tDoxProject,\n\tNpmPackage,\n\tRelation,\n\tTsSourceFile,\n\tTsDeclaration,\n\tTsReference,\n\tTscWrapper,\n};\n\n/**\n * An enumerator for dox groups used to categorise `tsDeclarations`.\n */\nexport enum DeclarationGroup {\n\tunknown,\n\tExportStar,\n\tReExporter,\n\tModule,\n\tVariable,\n\tFunction,\n\tClass,\n\tEnum,\n\tType,\n\tDefault,\n}\nexport type tsConfigFile = string;\nexport type referenceName = string;\n\nexport * from './projectStructure/_namespace';\n\nexport type fileMap = Map<string, TsSourceFile>;\nexport type declarationMap = Map<string, TsDeclaration>;\n\nexport type referencedExport =\n\t| ts.NamespaceExport\n\t| ts.ExportSpecifier\n\t| ts.ModuleDeclaration;\n\nexport type localDeclaration = ts.VariableDeclaration | ts.ClassDeclaration;\nexport type declaration = referencedExport | localDeclaration;\n\nexport type logableObjects = TsDeclaration;\n\nexport type tsItem = ts.Node | ts.Symbol | ts.Type;\n\nexport interface rawDox {\n\tfileName: string;\n\tinit: boolean;\n\trootDir: string;\n}\nexport interface tscRawConfig {\n\tdox: rawDox;\n\tconfig: {\n\t\textends?: string;\n\t\treferences?: ts.ProjectReference[];\n\t\tcompilerOptions?: ts.CompilerOptions;\n\t\texclude: string[];\n\t\tinclude: string[];\n\t};\n\terror?: ts.Diagnostic;\n}\n\nexport type namedDef<def> = [string | undefined, def];\nexport type namedRegistry<reg> = Record<string, reg>;\n\nexport type npmPackageDefinition = [program: ts.Program, rootDir: string][];\nexport type npmPackageDefinitions = namedRegistry<npmPackageDefinition>;\n\nexport type projectOptions = config.doxGenericOptions<config.appConfApi>;\n\nexport namespace foo {\n\tconst bar = 'foo';\n}\n"]},"_coverageSchema":"1a1c01bbd47fc00a2c39e90264f33305004495a9","hash":"fceaf0af6f4fab9c6b361a0fbca9aed5666c6178","contentHash":"29c2680d07a198ae7ca8f2fd4925bdb3762c24ca491b31b0c34fefdb07530ecd"},"/home/michaeladmin/code/typedox/src/backend/logger/Logger.ts":{"path":"/home/michaeladmin/code/typedox/src/backend/logger/Logger.ts","statementMap":{"0":{"start":{"line":2,"column":16},"end":{"line":16,"column":4}},"1":{"start":{"line":3,"column":24},"end":{"line":8,"column":5}},"2":{"start":{"line":4,"column":8},"end":{"line":6,"column":110}},"3":{"start":{"line":5,"column":69},"end":{"line":5,"column":85}},"4":{"start":{"line":6,"column":30},"end":{"line":6,"column":107}},"5":{"start":{"line":6,"column":47},"end":{"line":6,"column":107}},"6":{"start":{"line":6,"column":95},"end":{"line":6,"column":107}},"7":{"start":{"line":7,"column":8},"end":{"line":7,"column":35}},"8":{"start":{"line":9,"column":4},"end":{"line":15,"column":6}},"9":{"start":{"line":10,"column":8},"end":{"line":11,"column":102}},"10":{"start":{"line":11,"column":12},"end":{"line":11,"column":102}},"11":{"start":{"line":12,"column":8},"end":{"line":12,"column":28}},"12":{"start":{"line":13,"column":24},"end":{"line":13,"column":45}},"13":{"start":{"line":14,"column":8},"end":{"line":14,"column":93}},"14":{"start":{"line":17,"column":22},"end":{"line":27,"column":3}},"15":{"start":{"line":18,"column":4},"end":{"line":18,"column":33}},"16":{"start":{"line":18,"column":26},"end":{"line":18,"column":33}},"17":{"start":{"line":19,"column":15},"end":{"line":19,"column":52}},"18":{"start":{"line":20,"column":4},"end":{"line":22,"column":5}},"19":{"start":{"line":21,"column":6},"end":{"line":21,"column":68}},"20":{"start":{"line":21,"column":51},"end":{"line":21,"column":63}},"21":{"start":{"line":23,"column":4},"end":{"line":23,"column":39}},"22":{"start":{"line":25,"column":4},"end":{"line":25,"column":33}},"23":{"start":{"line":25,"column":26},"end":{"line":25,"column":33}},"24":{"start":{"line":26,"column":4},"end":{"line":26,"column":17}},"25":{"start":{"line":28,"column":25},"end":{"line":32,"column":2}},"26":{"start":{"line":29,"column":4},"end":{"line":29,"column":72}},"27":{"start":{"line":31,"column":4},"end":{"line":31,"column":21}},"28":{"start":{"line":33,"column":19},"end":{"line":39,"column":1}},"29":{"start":{"line":34,"column":4},"end":{"line":34,"column":42}},"30":{"start":{"line":34,"column":31},"end":{"line":34,"column":42}},"31":{"start":{"line":35,"column":17},"end":{"line":35,"column":19}},"32":{"start":{"line":36,"column":4},"end":{"line":36,"column":141}},"33":{"start":{"line":36,"column":21},"end":{"line":36,"column":141}},"34":{"start":{"line":36,"column":40},"end":{"line":36,"column":141}},"35":{"start":{"line":36,"column":109},"end":{"line":36,"column":141}},"36":{"start":{"line":37,"column":4},"end":{"line":37,"column":36}},"37":{"start":{"line":38,"column":4},"end":{"line":38,"column":18}},"38":{"start":{"line":40,"column":20},"end":{"line":48,"column":1}},"39":{"start":{"line":41,"column":4},"end":{"line":46,"column":5}},"40":{"start":{"line":41,"column":40},"end":{"line":46,"column":5}},"41":{"start":{"line":41,"column":53},"end":{"line":41,"column":54}},"42":{"start":{"line":41,"column":60},"end":{"line":41,"column":71}},"43":{"start":{"line":42,"column":8},"end":{"line":45,"column":9}},"44":{"start":{"line":43,"column":12},"end":{"line":43,"column":65}},"45":{"start":{"line":43,"column":21},"end":{"line":43,"column":65}},"46":{"start":{"line":44,"column":12},"end":{"line":44,"column":28}},"47":{"start":{"line":47,"column":4},"end":{"line":47,"column":61}},"48":{"start":{"line":49,"column":0},"end":{"line":49,"column":62}},"49":{"start":{"line":50,"column":0},"end":{"line":50,"column":24}},"50":{"start":{"line":51,"column":9},"end":{"line":51,"column":44}},"51":{"start":{"line":52,"column":12},"end":{"line":52,"column":50}},"52":{"start":{"line":53,"column":21},"end":{"line":53,"column":44}},"53":{"start":{"line":54,"column":28},"end":{"line":131,"column":25}},"54":{"start":{"line":55,"column":4},"end":{"line":55,"column":30}},"55":{"start":{"line":57,"column":8},"end":{"line":57,"column":69}},"56":{"start":{"line":57,"column":35},"end":{"line":57,"column":67}},"57":{"start":{"line":58,"column":20},"end":{"line":58,"column":83}},"58":{"start":{"line":59,"column":8},"end":{"line":59,"column":42}},"59":{"start":{"line":60,"column":8},"end":{"line":62,"column":10}},"60":{"start":{"line":61,"column":12},"end":{"line":61,"column":38}},"61":{"start":{"line":63,"column":8},"end":{"line":63,"column":38}},"62":{"start":{"line":64,"column":8},"end":{"line":70,"column":10}},"63":{"start":{"line":65,"column":23},"end":{"line":65,"column":25}},"64":{"start":{"line":66,"column":12},"end":{"line":68,"column":13}},"65":{"start":{"line":66,"column":26},"end":{"line":66,"column":27}},"66":{"start":{"line":67,"column":16},"end":{"line":67,"column":41}},"67":{"start":{"line":69,"column":12},"end":{"line":69,"column":165}},"68":{"start":{"line":71,"column":8},"end":{"line":77,"column":10}},"69":{"start":{"line":72,"column":23},"end":{"line":72,"column":25}},"70":{"start":{"line":73,"column":12},"end":{"line":75,"column":13}},"71":{"start":{"line":73,"column":26},"end":{"line":73,"column":27}},"72":{"start":{"line":74,"column":16},"end":{"line":74,"column":41}},"73":{"start":{"line":76,"column":12},"end":{"line":76,"column":135}},"74":{"start":{"line":78,"column":8},"end":{"line":78,"column":85}},"75":{"start":{"line":78,"column":43},"end":{"line":78,"column":82}},"76":{"start":{"line":79,"column":8},"end":{"line":81,"column":10}},"77":{"start":{"line":80,"column":12},"end":{"line":80,"column":52}},"78":{"start":{"line":82,"column":8},"end":{"line":82,"column":88}},"79":{"start":{"line":82,"column":47},"end":{"line":82,"column":85}},"80":{"start":{"line":83,"column":8},"end":{"line":89,"column":10}},"81":{"start":{"line":84,"column":23},"end":{"line":84,"column":25}},"82":{"start":{"line":85,"column":12},"end":{"line":87,"column":13}},"83":{"start":{"line":85,"column":26},"end":{"line":85,"column":27}},"84":{"start":{"line":86,"column":16},"end":{"line":86,"column":41}},"85":{"start":{"line":88,"column":12},"end":{"line":88,"column":167}},"86":{"start":{"line":90,"column":8},"end":{"line":96,"column":10}},"87":{"start":{"line":91,"column":23},"end":{"line":91,"column":25}},"88":{"start":{"line":92,"column":12},"end":{"line":94,"column":13}},"89":{"start":{"line":92,"column":26},"end":{"line":92,"column":27}},"90":{"start":{"line":93,"column":16},"end":{"line":93,"column":41}},"91":{"start":{"line":95,"column":12},"end":{"line":95,"column":122}},"92":{"start":{"line":97,"column":8},"end":{"line":104,"column":10}},"93":{"start":{"line":98,"column":23},"end":{"line":98,"column":25}},"94":{"start":{"line":99,"column":12},"end":{"line":101,"column":13}},"95":{"start":{"line":99,"column":26},"end":{"line":99,"column":27}},"96":{"start":{"line":100,"column":16},"end":{"line":100,"column":41}},"97":{"start":{"line":102,"column":12},"end":{"line":102,"column":43}},"98":{"start":{"line":103,"column":12},"end":{"line":103,"column":30}},"99":{"start":{"line":105,"column":8},"end":{"line":105,"column":44}},"100":{"start":{"line":106,"column":8},"end":{"line":106,"column":121}},"101":{"start":{"line":106,"column":86},"end":{"line":106,"column":117}},"102":{"start":{"line":107,"column":8},"end":{"line":107,"column":42}},"103":{"start":{"line":108,"column":8},"end":{"line":108,"column":52}},"104":{"start":{"line":109,"column":8},"end":{"line":109,"column":36}},"105":{"start":{"line":110,"column":8},"end":{"line":112,"column":10}},"106":{"start":{"line":111,"column":12},"end":{"line":111,"column":81}},"107":{"start":{"line":113,"column":8},"end":{"line":113,"column":79}},"108":{"start":{"line":113,"column":45},"end":{"line":113,"column":76}},"109":{"start":{"line":114,"column":8},"end":{"line":114,"column":34}},"110":{"start":{"line":115,"column":8},"end":{"line":115,"column":21}},"111":{"start":{"line":117,"column":4},"end":{"line":129,"column":7}},"112":{"start":{"line":120,"column":20},"end":{"line":120,"column":21}},"113":{"start":{"line":121,"column":12},"end":{"line":125,"column":15}},"114":{"start":{"line":123,"column":16},"end":{"line":123,"column":20}},"115":{"start":{"line":124,"column":16},"end":{"line":124,"column":46}},"116":{"start":{"line":130,"column":4},"end":{"line":130,"column":18}},"117":{"start":{"line":132,"column":0},"end":{"line":132,"column":24}}},"fnMap":{"0":{"name":"(anonymous_0)","decl":{"start":{"line":2,"column":45},"end":{"line":2,"column":46}},"loc":{"start":{"line":2,"column":57},"end":{"line":16,"column":1}},"line":2},"1":{"name":"(anonymous_1)","decl":{"start":{"line":3,"column":24},"end":{"line":3,"column":25}},"loc":{"start":{"line":3,"column":40},"end":{"line":8,"column":5}},"line":3},"2":{"name":"(anonymous_2)","decl":{"start":{"line":5,"column":51},"end":{"line":5,"column":52}},"loc":{"start":{"line":5,"column":67},"end":{"line":5,"column":87}},"line":5},"3":{"name":"(anonymous_3)","decl":{"start":{"line":6,"column":12},"end":{"line":6,"column":13}},"loc":{"start":{"line":6,"column":28},"end":{"line":6,"column":109}},"line":6},"4":{"name":"(anonymous_4)","decl":{"start":{"line":9,"column":11},"end":{"line":9,"column":12}},"loc":{"start":{"line":9,"column":27},"end":{"line":15,"column":5}},"line":9},"5":{"name":"__","decl":{"start":{"line":13,"column":17},"end":{"line":13,"column":19}},"loc":{"start":{"line":13,"column":22},"end":{"line":13,"column":47}},"line":13},"6":{"name":"(anonymous_6)","decl":{"start":{"line":17,"column":74},"end":{"line":17,"column":75}},"loc":{"start":{"line":17,"column":96},"end":{"line":24,"column":1}},"line":17},"7":{"name":"(anonymous_7)","decl":{"start":{"line":21,"column":38},"end":{"line":21,"column":39}},"loc":{"start":{"line":21,"column":49},"end":{"line":21,"column":65}},"line":21},"8":{"name":"(anonymous_8)","decl":{"start":{"line":24,"column":6},"end":{"line":24,"column":7}},"loc":{"start":{"line":24,"column":28},"end":{"line":27,"column":1}},"line":24},"9":{"name":"(anonymous_9)","decl":{"start":{"line":28,"column":80},"end":{"line":28,"column":81}},"loc":{"start":{"line":28,"column":95},"end":{"line":30,"column":1}},"line":28},"10":{"name":"(anonymous_10)","decl":{"start":{"line":30,"column":5},"end":{"line":30,"column":6}},"loc":{"start":{"line":30,"column":20},"end":{"line":32,"column":1}},"line":30},"11":{"name":"(anonymous_11)","decl":{"start":{"line":33,"column":50},"end":{"line":33,"column":51}},"loc":{"start":{"line":33,"column":65},"end":{"line":39,"column":1}},"line":33},"12":{"name":"(anonymous_12)","decl":{"start":{"line":40,"column":52},"end":{"line":40,"column":53}},"loc":{"start":{"line":40,"column":78},"end":{"line":48,"column":1}},"line":40},"13":{"name":"(anonymous_13)","decl":{"start":{"line":54,"column":28},"end":{"line":54,"column":29}},"loc":{"start":{"line":54,"column":46},"end":{"line":131,"column":1}},"line":54},"14":{"name":"Logger","decl":{"start":{"line":56,"column":13},"end":{"line":56,"column":19}},"loc":{"start":{"line":56,"column":30},"end":{"line":116,"column":5}},"line":56},"15":{"name":"(anonymous_15)","decl":{"start":{"line":60,"column":28},"end":{"line":60,"column":29}},"loc":{"start":{"line":60,"column":48},"end":{"line":62,"column":9}},"line":60},"16":{"name":"(anonymous_16)","decl":{"start":{"line":64,"column":22},"end":{"line":64,"column":23}},"loc":{"start":{"line":64,"column":34},"end":{"line":70,"column":9}},"line":64},"17":{"name":"(anonymous_17)","decl":{"start":{"line":71,"column":21},"end":{"line":71,"column":22}},"loc":{"start":{"line":71,"column":33},"end":{"line":77,"column":9}},"line":71},"18":{"name":"(anonymous_18)","decl":{"start":{"line":78,"column":25},"end":{"line":78,"column":26}},"loc":{"start":{"line":78,"column":41},"end":{"line":78,"column":84}},"line":78},"19":{"name":"(anonymous_19)","decl":{"start":{"line":79,"column":31},"end":{"line":79,"column":32}},"loc":{"start":{"line":79,"column":47},"end":{"line":81,"column":9}},"line":79},"20":{"name":"(anonymous_20)","decl":{"start":{"line":82,"column":29},"end":{"line":82,"column":30}},"loc":{"start":{"line":82,"column":45},"end":{"line":82,"column":87}},"line":82},"21":{"name":"(anonymous_21)","decl":{"start":{"line":83,"column":21},"end":{"line":83,"column":22}},"loc":{"start":{"line":83,"column":33},"end":{"line":89,"column":9}},"line":83},"22":{"name":"(anonymous_22)","decl":{"start":{"line":90,"column":22},"end":{"line":90,"column":23}},"loc":{"start":{"line":90,"column":34},"end":{"line":96,"column":9}},"line":90},"23":{"name":"(anonymous_23)","decl":{"start":{"line":97,"column":27},"end":{"line":97,"column":28}},"loc":{"start":{"line":97,"column":39},"end":{"line":104,"column":9}},"line":97},"24":{"name":"(anonymous_24)","decl":{"start":{"line":106,"column":71},"end":{"line":106,"column":72}},"loc":{"start":{"line":106,"column":84},"end":{"line":106,"column":119}},"line":106},"25":{"name":"(anonymous_25)","decl":{"start":{"line":110,"column":35},"end":{"line":110,"column":36}},"loc":{"start":{"line":110,"column":47},"end":{"line":112,"column":9}},"line":110},"26":{"name":"(anonymous_26)","decl":{"start":{"line":113,"column":26},"end":{"line":113,"column":27}},"loc":{"start":{"line":113,"column":43},"end":{"line":113,"column":78}},"line":113},"27":{"name":"(anonymous_27)","decl":{"start":{"line":118,"column":13},"end":{"line":118,"column":14}},"loc":{"start":{"line":118,"column":25},"end":{"line":126,"column":9}},"line":118},"28":{"name":"(anonymous_28)","decl":{"start":{"line":122,"column":104},"end":{"line":122,"column":105}},"loc":{"start":{"line":122,"column":121},"end":{"line":125,"column":13}},"line":122}},"branchMap":{"0":{"loc":{"start":{"line":2,"column":16},"end":{"line":16,"column":4}},"type":"binary-expr","locations":[{"start":{"line":2,"column":17},"end":{"line":2,"column":21}},{"start":{"line":2,"column":25},"end":{"line":2,"column":39}},{"start":{"line":2,"column":44},"end":{"line":16,"column":4}}],"line":2},"1":{"loc":{"start":{"line":4,"column":24},"end":{"line":6,"column":109}},"type":"binary-expr","locations":[{"start":{"line":4,"column":24},"end":{"line":4,"column":45}},{"start":{"line":5,"column":13},"end":{"line":5,"column":47}},{"start":{"line":5,"column":51},"end":{"line":5,"column":87}},{"start":{"line":6,"column":12},"end":{"line":6,"column":109}}],"line":4},"2":{"loc":{"start":{"line":6,"column":47},"end":{"line":6,"column":107}},"type":"if","locations":[{"start":{"line":6,"column":47},"end":{"line":6,"column":107}},{"start":{"line":6,"column":47},"end":{"line":6,"column":107}}],"line":6},"3":{"loc":{"start":{"line":10,"column":8},"end":{"line":11,"column":102}},"type":"if","locations":[{"start":{"line":10,"column":8},"end":{"line":11,"column":102}},{"start":{"line":10,"column":8},"end":{"line":11,"column":102}}],"line":10},"4":{"loc":{"start":{"line":10,"column":12},"end":{"line":10,"column":49}},"type":"binary-expr","locations":[{"start":{"line":10,"column":12},"end":{"line":10,"column":35}},{"start":{"line":10,"column":39},"end":{"line":10,"column":49}}],"line":10},"5":{"loc":{"start":{"line":14,"column":22},"end":{"line":14,"column":92}},"type":"cond-expr","locations":[{"start":{"line":14,"column":35},"end":{"line":14,"column":51}},{"start":{"line":14,"column":55},"end":{"line":14,"column":91}}],"line":14},"6":{"loc":{"start":{"line":17,"column":22},"end":{"line":27,"column":3}},"type":"binary-expr","locations":[{"start":{"line":17,"column":23},"end":{"line":17,"column":27}},{"start":{"line":17,"column":31},"end":{"line":17,"column":51}},{"start":{"line":17,"column":57},"end":{"line":27,"column":2}}],"line":17},"7":{"loc":{"start":{"line":17,"column":57},"end":{"line":27,"column":2}},"type":"cond-expr","locations":[{"start":{"line":17,"column":74},"end":{"line":24,"column":1}},{"start":{"line":24,"column":6},"end":{"line":27,"column":1}}],"line":17},"8":{"loc":{"start":{"line":18,"column":4},"end":{"line":18,"column":33}},"type":"if","locations":[{"start":{"line":18,"column":4},"end":{"line":18,"column":33}},{"start":{"line":18,"column":4},"end":{"line":18,"column":33}}],"line":18},"9":{"loc":{"start":{"line":20,"column":4},"end":{"line":22,"column":5}},"type":"if","locations":[{"start":{"line":20,"column":4},"end":{"line":22,"column":5}},{"start":{"line":20,"column":4},"end":{"line":22,"column":5}}],"line":20},"10":{"loc":{"start":{"line":20,"column":8},"end":{"line":20,"column":85}},"type":"binary-expr","locations":[{"start":{"line":20,"column":8},"end":{"line":20,"column":13}},{"start":{"line":20,"column":18},"end":{"line":20,"column":84}}],"line":20},"11":{"loc":{"start":{"line":20,"column":18},"end":{"line":20,"column":84}},"type":"cond-expr","locations":[{"start":{"line":20,"column":34},"end":{"line":20,"column":47}},{"start":{"line":20,"column":50},"end":{"line":20,"column":84}}],"line":20},"12":{"loc":{"start":{"line":20,"column":50},"end":{"line":20,"column":84}},"type":"binary-expr","locations":[{"start":{"line":20,"column":50},"end":{"line":20,"column":63}},{"start":{"line":20,"column":67},"end":{"line":20,"column":84}}],"line":20},"13":{"loc":{"start":{"line":25,"column":4},"end":{"line":25,"column":33}},"type":"if","locations":[{"start":{"line":25,"column":4},"end":{"line":25,"column":33}},{"start":{"line":25,"column":4},"end":{"line":25,"column":33}}],"line":25},"14":{"loc":{"start":{"line":28,"column":25},"end":{"line":32,"column":2}},"type":"binary-expr","locations":[{"start":{"line":28,"column":26},"end":{"line":28,"column":30}},{"start":{"line":28,"column":34},"end":{"line":28,"column":57}},{"start":{"line":28,"column":63},"end":{"line":32,"column":1}}],"line":28},"15":{"loc":{"start":{"line":28,"column":63},"end":{"line":32,"column":1}},"type":"cond-expr","locations":[{"start":{"line":28,"column":80},"end":{"line":30,"column":1}},{"start":{"line":30,"column":5},"end":{"line":32,"column":1}}],"line":28},"16":{"loc":{"start":{"line":33,"column":19},"end":{"line":39,"column":1}},"type":"binary-expr","locations":[{"start":{"line":33,"column":20},"end":{"line":33,"column":24}},{"start":{"line":33,"column":28},"end":{"line":33,"column":45}},{"start":{"line":33,"column":50},"end":{"line":39,"column":1}}],"line":33},"17":{"loc":{"start":{"line":34,"column":4},"end":{"line":34,"column":42}},"type":"if","locations":[{"start":{"line":34,"column":4},"end":{"line":34,"column":42}},{"start":{"line":34,"column":4},"end":{"line":34,"column":42}}],"line":34},"18":{"loc":{"start":{"line":34,"column":8},"end":{"line":34,"column":29}},"type":"binary-expr","locations":[{"start":{"line":34,"column":8},"end":{"line":34,"column":11}},{"start":{"line":34,"column":15},"end":{"line":34,"column":29}}],"line":34},"19":{"loc":{"start":{"line":36,"column":4},"end":{"line":36,"column":141}},"type":"if","locations":[{"start":{"line":36,"column":4},"end":{"line":36,"column":141}},{"start":{"line":36,"column":4},"end":{"line":36,"column":141}}],"line":36},"20":{"loc":{"start":{"line":36,"column":40},"end":{"line":36,"column":141}},"type":"if","locations":[{"start":{"line":36,"column":40},"end":{"line":36,"column":141}},{"start":{"line":36,"column":40},"end":{"line":36,"column":141}}],"line":36},"21":{"loc":{"start":{"line":36,"column":44},"end":{"line":36,"column":107}},"type":"binary-expr","locations":[{"start":{"line":36,"column":44},"end":{"line":36,"column":59}},{"start":{"line":36,"column":63},"end":{"line":36,"column":107}}],"line":36},"22":{"loc":{"start":{"line":40,"column":20},"end":{"line":48,"column":1}},"type":"binary-expr","locations":[{"start":{"line":40,"column":21},"end":{"line":40,"column":25}},{"start":{"line":40,"column":29},"end":{"line":40,"column":47}},{"start":{"line":40,"column":52},"end":{"line":48,"column":1}}],"line":40},"23":{"loc":{"start":{"line":41,"column":4},"end":{"line":46,"column":5}},"type":"if","locations":[{"start":{"line":41,"column":4},"end":{"line":46,"column":5}},{"start":{"line":41,"column":4},"end":{"line":46,"column":5}}],"line":41},"24":{"loc":{"start":{"line":41,"column":8},"end":{"line":41,"column":38}},"type":"binary-expr","locations":[{"start":{"line":41,"column":8},"end":{"line":41,"column":12}},{"start":{"line":41,"column":16},"end":{"line":41,"column":38}}],"line":41},"25":{"loc":{"start":{"line":42,"column":8},"end":{"line":45,"column":9}},"type":"if","locations":[{"start":{"line":42,"column":8},"end":{"line":45,"column":9}},{"start":{"line":42,"column":8},"end":{"line":45,"column":9}}],"line":42},"26":{"loc":{"start":{"line":42,"column":12},"end":{"line":42,"column":30}},"type":"binary-expr","locations":[{"start":{"line":42,"column":12},"end":{"line":42,"column":14}},{"start":{"line":42,"column":18},"end":{"line":42,"column":30}}],"line":42},"27":{"loc":{"start":{"line":43,"column":12},"end":{"line":43,"column":65}},"type":"if","locations":[{"start":{"line":43,"column":12},"end":{"line":43,"column":65}},{"start":{"line":43,"column":12},"end":{"line":43,"column":65}}],"line":43},"28":{"loc":{"start":{"line":47,"column":21},"end":{"line":47,"column":59}},"type":"binary-expr","locations":[{"start":{"line":47,"column":21},"end":{"line":47,"column":23}},{"start":{"line":47,"column":27},"end":{"line":47,"column":59}}],"line":47},"29":{"loc":{"start":{"line":57,"column":8},"end":{"line":57,"column":69}},"type":"if","locations":[{"start":{"line":57,"column":8},"end":{"line":57,"column":69}},{"start":{"line":57,"column":8},"end":{"line":57,"column":69}}],"line":57},"30":{"loc":{"start":{"line":58,"column":20},"end":{"line":58,"column":83}},"type":"binary-expr","locations":[{"start":{"line":58,"column":20},"end":{"line":58,"column":75}},{"start":{"line":58,"column":79},"end":{"line":58,"column":83}}],"line":58},"31":{"loc":{"start":{"line":69,"column":19},"end":{"line":69,"column":164}},"type":"binary-expr","locations":[{"start":{"line":69,"column":19},"end":{"line":69,"column":57}},{"start":{"line":69,"column":61},"end":{"line":69,"column":164}}],"line":69},"32":{"loc":{"start":{"line":76,"column":19},"end":{"line":76,"column":134}},"type":"binary-expr","locations":[{"start":{"line":76,"column":19},"end":{"line":76,"column":56}},{"start":{"line":76,"column":60},"end":{"line":76,"column":134}}],"line":76},"33":{"loc":{"start":{"line":88,"column":19},"end":{"line":88,"column":166}},"type":"binary-expr","locations":[{"start":{"line":88,"column":19},"end":{"line":88,"column":56}},{"start":{"line":88,"column":60},"end":{"line":88,"column":166}}],"line":88},"34":{"loc":{"start":{"line":106,"column":93},"end":{"line":106,"column":116}},"type":"binary-expr","locations":[{"start":{"line":106,"column":93},"end":{"line":106,"column":103}},{"start":{"line":106,"column":107},"end":{"line":106,"column":116}}],"line":106},"35":{"loc":{"start":{"line":111,"column":19},"end":{"line":111,"column":80}},"type":"cond-expr","locations":[{"start":{"line":111,"column":46},"end":{"line":111,"column":72}},{"start":{"line":111,"column":75},"end":{"line":111,"column":80}}],"line":111},"36":{"loc":{"start":{"line":121,"column":19},"end":{"line":125,"column":14}},"type":"cond-expr","locations":[{"start":{"line":122,"column":52},"end":{"line":122,"column":58}},{"start":{"line":122,"column":61},"end":{"line":125,"column":14}}],"line":121},"37":{"loc":{"start":{"line":121,"column":19},"end":{"line":122,"column":49}},"type":"binary-expr","locations":[{"start":{"line":121,"column":19},"end":{"line":122,"column":32}},{"start":{"line":122,"column":36},"end":{"line":122,"column":49}}],"line":121},"38":{"loc":{"start":{"line":124,"column":23},"end":{"line":124,"column":45}},"type":"cond-expr","locations":[{"start":{"line":124,"column":33},"end":{"line":124,"column":37}},{"start":{"line":124,"column":40},"end":{"line":124,"column":45}}],"line":124}},"s":{"0":1,"1":1,"2":1,"3":0,"4":0,"5":0,"6":0,"7":1,"8":1,"9":1,"10":0,"11":1,"12":1,"13":1,"14":1,"15":2290,"16":2290,"17":2290,"18":2290,"19":2290,"20":0,"21":2290,"22":0,"23":0,"24":0,"25":1,"26":1,"27":0,"28":1,"29":2,"30":1,"31":1,"32":1,"33":1,"34":2290,"35":2290,"36":1,"37":1,"38":1,"39":1,"40":0,"41":0,"42":0,"43":0,"44":0,"45":0,"46":0,"47":1,"48":1,"49":1,"50":1,"51":1,"52":1,"53":1,"54":1,"55":1,"56":1,"57":1,"58":1,"59":1,"60":1,"61":1,"62":1,"63":116,"64":116,"65":116,"66":412,"67":116,"68":1,"69":1,"70":1,"71":1,"72":3,"73":1,"74":1,"75":0,"76":1,"77":0,"78":1,"79":0,"80":1,"81":1,"82":1,"83":1,"84":3,"85":1,"86":1,"87":0,"88":0,"89":0,"90":0,"91":0,"92":1,"93":0,"94":0,"95":0,"96":0,"97":0,"98":0,"99":1,"100":1,"101":8,"102":1,"103":1,"104":1,"105":1,"106":1,"107":1,"108":118,"109":1,"110":1,"111":1,"112":0,"113":0,"114":0,"115":0,"116":1,"117":1},"f":{"0":1,"1":1,"2":0,"3":0,"4":1,"5":1,"6":2290,"7":0,"8":0,"9":1,"10":0,"11":2,"12":1,"13":1,"14":1,"15":1,"16":116,"17":1,"18":0,"19":0,"20":0,"21":1,"22":0,"23":0,"24":8,"25":1,"26":118,"27":0,"28":0},"b":{"0":[1,1,1],"1":[1,0,0,0],"2":[0,0],"3":[0,1],"4":[1,0],"5":[0,1],"6":[1,1,1],"7":[1,0],"8":[2290,0],"9":[2290,0],"10":[2290,2290],"11":[2290,0],"12":[0,0],"13":[0,0],"14":[1,1,1],"15":[1,0],"16":[1,1,1],"17":[1,1],"18":[2,2],"19":[1,0],"20":[2290,0],"21":[2290,2290],"22":[1,1,1],"23":[0,1],"24":[1,1],"25":[0,0],"26":[0,0],"27":[0,0],"28":[1,1],"29":[1,0],"30":[1,0],"31":[116,0],"32":[1,0],"33":[1,1],"34":[8,5],"35":[0,1],"36":[0,0],"37":[0,0],"38":[0,0]},"inputSourceMap":{"version":3,"file":"/home/michaeladmin/code/typedox/src/backend/logger/Logger.ts","sources":["/home/michaeladmin/code/typedox/src/backend/logger/Logger.ts"],"names":[],"mappings":";;;;;;;;;;;;;;;;;;;;;;;;;;;;;;;;;;;;;;;;;;;;;;;;;;AAAA,6CAAiC;AACjC,mDAAuC;AACvC,6CAAuC;AAEvC;IAA4B,0BAAO;IAGlC,gBAAY,QAA+B;QAA/B,yBAAA,EAAA,WAAW,KAAK,CAAC,SAAS,CAAC,IAAI;QAA3C,YACC,kBAAM,OAAO,CAAC,MAAM,EAAE,OAAO,CAAC,MAAM,EAAE,IAAI,CAAC,SAE3C;QACM,eAAS,GAAG,KAAK,CAAC,SAAS,CAAC;QAC5B,iBAAW,GAAG,UAAC,QAAyB;YAC9C,KAAI,CAAC,QAAQ,GAAG,QAAQ,CAAC;QAC1B,CAAC,CAAC;QAEK,aAAO,GAAG,KAAK,CAAC,OAAO,CAAC;QAExB,WAAK,GAAG;YAAC,cAAY;iBAAZ,UAAY,EAAZ,qBAAY,EAAZ,IAAY;gBAAZ,yBAAY;;YAC3B,OAAA,KAAI,CAAC,SAAS,CAAC,KAAK,CAAC,SAAS,CAAC,KAAK,CAAC,IACrC,iBAAM,KAAK,6BAAC,KAAK,CAAC,SAAS,CAAC,QAAQ,EAAE,SAAS,CAAC,GAAK,IAAI,SAAC;QAD1D,CAC0D,CAAC;QAErD,UAAI,GAAG;YAAC,cAAY;iBAAZ,UAAY,EAAZ,qBAAY,EAAZ,IAAY;gBAAZ,yBAAY;;YAC1B,OAAA,KAAI,CAAC,SAAS,CAAC,KAAK,CAAC,SAAS,CAAC,IAAI,CAAC,IAAI,iBAAM,IAAI,6BAAC,QAAQ,GAAK,IAAI,SAAC;QAArE,CAAqE,CAAC;QAChE,cAAQ,GAAG,UAAC,IAAmB,IAAK,OAAA,KAAI,CAAC,IAAI,CAAC,EAAE,CAAC,UAAU,CAAC,IAAI,CAAC,CAAC,EAA9B,CAA8B,CAAC;QACnE,oBAAc,GAAG,UAAC,IAAoB;YAC5C,OAAA,KAAI,CAAC,IAAI,CAAC,EAAE,CAAC,WAAW,CAAC,IAAI,CAAC,CAAC;QAA/B,CAA+B,CAAC;QAC1B,kBAAY,GAAG,UAAC,IAAkB,IAAK,OAAA,KAAI,CAAC,IAAI,CAAC,EAAE,CAAC,SAAS,CAAC,IAAI,CAAC,CAAC,EAA7B,CAA6B,CAAC;QAErE,UAAI,GAAG;YAAC,cAAY;iBAAZ,UAAY,EAAZ,qBAAY,EAAZ,IAAY;gBAAZ,yBAAY;;YAC1B,OAAA,KAAI,CAAC,SAAS,CAAC,KAAK,CAAC,SAAS,CAAC,IAAI,CAAC,IACpC,iBAAM,IAAI,6BAAC,KAAK,CAAC,SAAS,CAAC,UAAU,EAAE,WAAW,CAAC,GAAK,IAAI,SAAC;QAD7D,CAC6D,CAAC;QAExD,WAAK,GAAG;YAAC,cAAY;iBAAZ,UAAY,EAAZ,qBAAY,EAAZ,IAAY;gBAAZ,yBAAY;;YAC3B,OAAA,iBAAM,KAAK,6BAAC,KAAK,CAAC,SAAS,CAAC,OAAO,EAAE,SAAS,CAAC,GAAK,IAAI;QAAxD,CAAyD,CAAC;QAEpD,gBAAU,GAAG;YAAC,cAAY;iBAAZ,UAAY,EAAZ,qBAAY,EAAZ,IAAY;gBAAZ,yBAAY;;YAChC,KAAI,CAAC,KAAK,OAAV,KAAI,EAAU,IAAI,EAAE;YACpB,MAAM,IAAI,KAAK,EAAE,CAAC;QACnB,CAAC,CAAC;QAYK,gBAAU,GAAG,KAAK,CAAC,UAAU,CAAC;QAC9B,wBAAkB,GAAG,MAAM,CAAC,IAAI,CAAC,KAAK,CAAC,SAAS,CAAC,CAAC,MAAM,CAC9D,UAAC,CAAC,IAAK,OAAA,CAAC,MAAM,CAAC,CAAC,CAAC,IAAI,CAAC,KAAK,GAAG,EAAvB,CAAuB,CAC9B,CAAC;QACK,eAAS,GAAG,KAAK,CAAC,SAAS,CAAC;QAC5B,oBAAc,GAAG,KAAK,CAAC,cAAc,CAAC;QACtC,YAAM,GAAG,KAAK,CAAC,MAAM,CAAC;QAEtB,wBAAkB,GAAG;YAC3B,OAAA,KAAK,CAAC,gBAAgB,EAAE,CAAC,CAAC,CAAC,KAAK,CAAC,kBAAkB,EAAE,CAAC,CAAC,CAAC,KAAK;QAA7D,CAA6D,CAAC;QAEvD,eAAS,GAAG,UAAC,KAAsB,IAAK,OAAA,KAAK,IAAI,KAAI,CAAC,QAAQ,EAAtB,CAAsB,CAAC;QArDtE,KAAI,CAAC,QAAQ,GAAG,QAAQ,CAAC;;IAC1B,CAAC;IA+BD,sBAAW,+BAAW;aAAtB;;YACC,IAAI,CAAC,GAAG,CAAC,CAAC;YACV,OAAO,MAAA,KAAK,EAAE;iBACZ,KAAK,0CAAE,OAAO,CAAC,OAAO,EAAE,EAAE,EAC1B,OAAO,CAAC,SAAS,EAAE,UAAC,KAAK;gBACzB,CAAC,EAAE,CAAC;gBACJ,OAAO,CAAC,KAAK,CAAC,CAAC,CAAC,CAAC,IAAI,CAAC,CAAC,CAAC,KAAK,CAAC;YAC/B,CAAC,CAAE,CAAC;QACN,CAAC;;;OAAA;IAcF,aAAC;AAAD,CAAC,AA3DD,CAA4B,sBAAO,GA2DlC;AA3DY,wBAAM","sourcesContent":["import * as ts from 'typescript';\nimport * as utils from './loggerUtils';\nimport { Console } from 'node:console';\n\nexport class Logger extends Console {\n\tprivate logLevel: utils.logLevels;\n\n\tconstructor(logLevel = utils.logLevels.info) {\n\t\tsuper(process.stdout, process.stderr, true);\n\t\tthis.logLevel = logLevel;\n\t}\n\tpublic logLevels = utils.logLevels;\n\tpublic setLogLevel = (logLevel: utils.logLevels) => {\n\t\tthis.logLevel = logLevel;\n\t};\n\n\tpublic inspect = utils.inspect;\n\n\tpublic debug = (...args: any) =>\n\t\tthis.shouldLog(utils.logLevels.debug) &&\n\t\tsuper.debug(utils.colourise('Bright', '[debug]'), ...args);\n\n\tpublic info = (...args: any) =>\n\t\tthis.shouldLog(utils.logLevels.info) && super.info('[info]', ...args);\n\tpublic infoKind = (kind: ts.SyntaxKind) => this.info(ts.SyntaxKind[kind]);\n\tpublic infoFlagSymbol = (flag: ts.SymbolFlags) =>\n\t\tthis.info(ts.SymbolFlags[flag]);\n\tpublic infoFlagType = (flag: ts.TypeFlags) => this.info(ts.TypeFlags[flag]);\n\n\tpublic warn = (...args: any) =>\n\t\tthis.shouldLog(utils.logLevels.warn) &&\n\t\tsuper.warn(utils.colourise('FgYellow', '[warning]'), ...args);\n\n\tpublic error = (...args: any) =>\n\t\tsuper.error(utils.colourise('FgRed', '[error]'), ...args);\n\n\tpublic throwError = (...args: any) => {\n\t\tthis.error(...args);\n\t\tthrow new Error();\n\t};\n\n\tpublic get stackTracer() {\n\t\tlet i = 0;\n\t\treturn Error()\n\t\t\t.stack?.replace('Error', '')\n\t\t\t.replace(/\\n.*\\n/g, (match) => {\n\t\t\t\ti++;\n\t\t\t\treturn i === 1 ? '\\n' : match;\n\t\t\t})!;\n\t}\n\n\tpublic identifier = utils.identifier;\n\tpublic logLevelKeyStrings = Object.keys(utils.logLevels).filter(\n\t\t(v) => !Number(v) && v !== '0',\n\t);\n\tpublic colourise = utils.colourise;\n\tpublic initLowerCamel = utils.initLowerCamel;\n\tpublic toLine = utils.toLine;\n\n\tpublic isClRequestForHelp = () =>\n\t\tutils.isRequestForHelp() ? utils.logApplicationHelp() : false;\n\n\tprivate shouldLog = (level: utils.logLevels) => level >= this.logLevel;\n}\n"]},"_coverageSchema":"1a1c01bbd47fc00a2c39e90264f33305004495a9","hash":"24e30fdc739e0eba9af0432d9d30ff4013718f91","contentHash":"3db99a0e9ca56cf26d493cae825389462e3e7201824fe6a44416ee4cdcf375cb"},"/home/michaeladmin/code/typedox/src/backend/logger/loggerUtils.ts":{"path":"/home/michaeladmin/code/typedox/src/backend/logger/loggerUtils.ts","statementMap":{"0":{"start":{"line":2,"column":15},"end":{"line":12,"column":1}},"1":{"start":{"line":3,"column":4},"end":{"line":10,"column":6}},"2":{"start":{"line":4,"column":8},"end":{"line":8,"column":9}},"3":{"start":{"line":4,"column":24},"end":{"line":4,"column":25}},"4":{"start":{"line":4,"column":31},"end":{"line":4,"column":47}},"5":{"start":{"line":5,"column":12},"end":{"line":5,"column":29}},"6":{"start":{"line":6,"column":12},"end":{"line":7,"column":28}},"7":{"start":{"line":6,"column":29},"end":{"line":7,"column":28}},"8":{"start":{"line":7,"column":16},"end":{"line":7,"column":28}},"9":{"start":{"line":9,"column":8},"end":{"line":9,"column":17}},"10":{"start":{"line":11,"column":4},"end":{"line":11,"column":43}},"11":{"start":{"line":13,"column":22},"end":{"line":23,"column":3}},"12":{"start":{"line":14,"column":4},"end":{"line":14,"column":33}},"13":{"start":{"line":14,"column":26},"end":{"line":14,"column":33}},"14":{"start":{"line":15,"column":15},"end":{"line":15,"column":52}},"15":{"start":{"line":16,"column":4},"end":{"line":18,"column":5}},"16":{"start":{"line":17,"column":6},"end":{"line":17,"column":68}},"17":{"start":{"line":17,"column":51},"end":{"line":17,"column":63}},"18":{"start":{"line":19,"column":4},"end":{"line":19,"column":39}},"19":{"start":{"line":21,"column":4},"end":{"line":21,"column":33}},"20":{"start":{"line":21,"column":26},"end":{"line":21,"column":33}},"21":{"start":{"line":22,"column":4},"end":{"line":22,"column":17}},"22":{"start":{"line":24,"column":25},"end":{"line":28,"column":2}},"23":{"start":{"line":25,"column":4},"end":{"line":25,"column":72}},"24":{"start":{"line":27,"column":4},"end":{"line":27,"column":21}},"25":{"start":{"line":29,"column":19},"end":{"line":35,"column":1}},"26":{"start":{"line":30,"column":4},"end":{"line":30,"column":42}},"27":{"start":{"line":30,"column":31},"end":{"line":30,"column":42}},"28":{"start":{"line":31,"column":17},"end":{"line":31,"column":19}},"29":{"start":{"line":32,"column":4},"end":{"line":32,"column":141}},"30":{"start":{"line":32,"column":21},"end":{"line":32,"column":141}},"31":{"start":{"line":32,"column":40},"end":{"line":32,"column":141}},"32":{"start":{"line":32,"column":109},"end":{"line":32,"column":141}},"33":{"start":{"line":33,"column":4},"end":{"line":33,"column":36}},"34":{"start":{"line":34,"column":4},"end":{"line":34,"column":18}},"35":{"start":{"line":36,"column":20},"end":{"line":44,"column":1}},"36":{"start":{"line":37,"column":4},"end":{"line":42,"column":5}},"37":{"start":{"line":37,"column":40},"end":{"line":42,"column":5}},"38":{"start":{"line":37,"column":53},"end":{"line":37,"column":54}},"39":{"start":{"line":37,"column":60},"end":{"line":37,"column":71}},"40":{"start":{"line":38,"column":8},"end":{"line":41,"column":9}},"41":{"start":{"line":39,"column":12},"end":{"line":39,"column":65}},"42":{"start":{"line":39,"column":21},"end":{"line":39,"column":65}},"43":{"start":{"line":40,"column":12},"end":{"line":40,"column":28}},"44":{"start":{"line":43,"column":4},"end":{"line":43,"column":61}},"45":{"start":{"line":45,"column":22},"end":{"line":47,"column":1}},"46":{"start":{"line":46,"column":4},"end":{"line":46,"column":62}},"47":{"start":{"line":48,"column":0},"end":{"line":48,"column":62}},"48":{"start":{"line":49,"column":0},"end":{"line":49,"column":213}},"49":{"start":{"line":50,"column":11},"end":{"line":50,"column":40}},"50":{"start":{"line":51,"column":13},"end":{"line":51,"column":45}},"51":{"start":{"line":52,"column":16},"end":{"line":52,"column":37}},"52":{"start":{"line":54,"column":0},"end":{"line":59,"column":54}},"53":{"start":{"line":55,"column":4},"end":{"line":55,"column":48}},"54":{"start":{"line":56,"column":4},"end":{"line":56,"column":46}},"55":{"start":{"line":57,"column":4},"end":{"line":57,"column":46}},"56":{"start":{"line":58,"column":4},"end":{"line":58,"column":48}},"57":{"start":{"line":61,"column":4},"end":{"line":61,"column":55}},"58":{"start":{"line":63,"column":0},"end":{"line":63,"column":40}},"59":{"start":{"line":64,"column":16},"end":{"line":66,"column":1}},"60":{"start":{"line":65,"column":4},"end":{"line":65,"column":37}},"61":{"start":{"line":67,"column":0},"end":{"line":67,"column":30}},"62":{"start":{"line":68,"column":8},"end":{"line":94,"column":1}},"63":{"start":{"line":96,"column":4},"end":{"line":103,"column":7}},"64":{"start":{"line":97,"column":23},"end":{"line":97,"column":55}},"65":{"start":{"line":98,"column":8},"end":{"line":98,"column":107}},"66":{"start":{"line":99,"column":8},"end":{"line":99,"column":51}},"67":{"start":{"line":100,"column":8},"end":{"line":100,"column":70}},"68":{"start":{"line":101,"column":8},"end":{"line":101,"column":31}},"69":{"start":{"line":102,"column":8},"end":{"line":102,"column":36}},"70":{"start":{"line":104,"column":4},"end":{"line":104,"column":16}},"71":{"start":{"line":106,"column":0},"end":{"line":106,"column":48}},"72":{"start":{"line":108,"column":16},"end":{"line":112,"column":30}},"73":{"start":{"line":113,"column":4},"end":{"line":113,"column":34}},"74":{"start":{"line":115,"column":8},"end":{"line":120,"column":9}},"75":{"start":{"line":116,"column":12},"end":{"line":116,"column":32}},"76":{"start":{"line":119,"column":12},"end":{"line":119,"column":29}},"77":{"start":{"line":123,"column":0},"end":{"line":123,"column":32}},"78":{"start":{"line":124,"column":23},"end":{"line":126,"column":1}},"79":{"start":{"line":125,"column":4},"end":{"line":125,"column":80}},"80":{"start":{"line":127,"column":0},"end":{"line":127,"column":44}},"81":{"start":{"line":128,"column":0},"end":{"line":128,"column":109}},"82":{"start":{"line":128,"column":74},"end":{"line":128,"column":105}},"83":{"start":{"line":130,"column":4},"end":{"line":130,"column":39}},"84":{"start":{"line":132,"column":0},"end":{"line":132,"column":24}},"85":{"start":{"line":134,"column":4},"end":{"line":135,"column":77}},"86":{"start":{"line":135,"column":8},"end":{"line":135,"column":77}},"87":{"start":{"line":136,"column":13},"end":{"line":136,"column":52}},"88":{"start":{"line":136,"column":61},"end":{"line":136,"column":66}},"89":{"start":{"line":136,"column":81},"end":{"line":136,"column":86}},"90":{"start":{"line":137,"column":4},"end":{"line":138,"column":50}},"91":{"start":{"line":138,"column":8},"end":{"line":138,"column":50}},"92":{"start":{"line":139,"column":4},"end":{"line":139,"column":66}},"93":{"start":{"line":141,"column":8},"end":{"line":141,"column":45}},"94":{"start":{"line":141,"column":30},"end":{"line":141,"column":43}},"95":{"start":{"line":142,"column":8},"end":{"line":142,"column":77}},"96":{"start":{"line":145,"column":8},"end":{"line":149,"column":41}},"97":{"start":{"line":152,"column":0},"end":{"line":152,"column":26}},"98":{"start":{"line":154,"column":4},"end":{"line":154,"column":42}},"99":{"start":{"line":154,"column":27},"end":{"line":154,"column":40}},"100":{"start":{"line":155,"column":4},"end":{"line":155,"column":55}},"101":{"start":{"line":155,"column":35},"end":{"line":155,"column":53}},"102":{"start":{"line":156,"column":4},"end":{"line":156,"column":46}},"103":{"start":{"line":156,"column":27},"end":{"line":156,"column":44}},"104":{"start":{"line":157,"column":18},"end":{"line":157,"column":37}},"105":{"start":{"line":158,"column":19},"end":{"line":158,"column":42}},"106":{"start":{"line":159,"column":4},"end":{"line":160,"column":20}},"107":{"start":{"line":160,"column":8},"end":{"line":160,"column":20}},"108":{"start":{"line":161,"column":21},"end":{"line":188,"column":14}},"109":{"start":{"line":163,"column":12},"end":{"line":163,"column":71}},"110":{"start":{"line":166,"column":12},"end":{"line":169,"column":24}},"111":{"start":{"line":172,"column":22},"end":{"line":172,"column":30}},"112":{"start":{"line":172,"column":40},"end":{"line":172,"column":48}},"113":{"start":{"line":173,"column":27},"end":{"line":173,"column":64}},"114":{"start":{"line":174,"column":12},"end":{"line":178,"column":13}},"115":{"start":{"line":177,"column":16},"end":{"line":177,"column":35}},"116":{"start":{"line":179,"column":12},"end":{"line":179,"column":34}},"117":{"start":{"line":180,"column":22},"end":{"line":183,"column":70}},"118":{"start":{"line":184,"column":12},"end":{"line":186,"column":58}},"119":{"start":{"line":187,"column":12},"end":{"line":187,"column":31}},"120":{"start":{"line":189,"column":4},"end":{"line":189,"column":22}}},"fnMap":{"0":{"name":"(anonymous_0)","decl":{"start":{"line":2,"column":42},"end":{"line":2,"column":43}},"loc":{"start":{"line":2,"column":54},"end":{"line":12,"column":1}},"line":2},"1":{"name":"(anonymous_1)","decl":{"start":{"line":3,"column":32},"end":{"line":3,"column":33}},"loc":{"start":{"line":3,"column":44},"end":{"line":10,"column":5}},"line":3},"2":{"name":"(anonymous_2)","decl":{"start":{"line":13,"column":74},"end":{"line":13,"column":75}},"loc":{"start":{"line":13,"column":96},"end":{"line":20,"column":1}},"line":13},"3":{"name":"(anonymous_3)","decl":{"start":{"line":17,"column":38},"end":{"line":17,"column":39}},"loc":{"start":{"line":17,"column":49},"end":{"line":17,"column":65}},"line":17},"4":{"name":"(anonymous_4)","decl":{"start":{"line":20,"column":6},"end":{"line":20,"column":7}},"loc":{"start":{"line":20,"column":28},"end":{"line":23,"column":1}},"line":20},"5":{"name":"(anonymous_5)","decl":{"start":{"line":24,"column":80},"end":{"line":24,"column":81}},"loc":{"start":{"line":24,"column":95},"end":{"line":26,"column":1}},"line":24},"6":{"name":"(anonymous_6)","decl":{"start":{"line":26,"column":5},"end":{"line":26,"column":6}},"loc":{"start":{"line":26,"column":20},"end":{"line":28,"column":1}},"line":26},"7":{"name":"(anonymous_7)","decl":{"start":{"line":29,"column":50},"end":{"line":29,"column":51}},"loc":{"start":{"line":29,"column":65},"end":{"line":35,"column":1}},"line":29},"8":{"name":"(anonymous_8)","decl":{"start":{"line":36,"column":52},"end":{"line":36,"column":53}},"loc":{"start":{"line":36,"column":78},"end":{"line":44,"column":1}},"line":36},"9":{"name":"(anonymous_9)","decl":{"start":{"line":45,"column":56},"end":{"line":45,"column":57}},"loc":{"start":{"line":45,"column":71},"end":{"line":47,"column":1}},"line":45},"10":{"name":"(anonymous_10)","decl":{"start":{"line":54,"column":1},"end":{"line":54,"column":2}},"loc":{"start":{"line":54,"column":22},"end":{"line":59,"column":1}},"line":54},"11":{"name":"initLowerCamel","decl":{"start":{"line":60,"column":9},"end":{"line":60,"column":23}},"loc":{"start":{"line":60,"column":30},"end":{"line":62,"column":1}},"line":60},"12":{"name":"(anonymous_12)","decl":{"start":{"line":64,"column":16},"end":{"line":64,"column":17}},"loc":{"start":{"line":64,"column":39},"end":{"line":66,"column":1}},"line":64},"13":{"name":"logApplicationHelp","decl":{"start":{"line":95,"column":9},"end":{"line":95,"column":27}},"loc":{"start":{"line":95,"column":30},"end":{"line":105,"column":1}},"line":95},"14":{"name":"(anonymous_14)","decl":{"start":{"line":96,"column":49},"end":{"line":96,"column":50}},"loc":{"start":{"line":96,"column":64},"end":{"line":103,"column":5}},"line":96},"15":{"name":"identifier","decl":{"start":{"line":107,"column":9},"end":{"line":107,"column":19}},"loc":{"start":{"line":107,"column":29},"end":{"line":122,"column":1}},"line":107},"16":{"name":"getName","decl":{"start":{"line":114,"column":13},"end":{"line":114,"column":20}},"loc":{"start":{"line":114,"column":30},"end":{"line":121,"column":5}},"line":114},"17":{"name":"(anonymous_17)","decl":{"start":{"line":124,"column":23},"end":{"line":124,"column":24}},"loc":{"start":{"line":124,"column":35},"end":{"line":126,"column":1}},"line":124},"18":{"name":"(anonymous_18)","decl":{"start":{"line":128,"column":59},"end":{"line":128,"column":60}},"loc":{"start":{"line":128,"column":72},"end":{"line":128,"column":107}},"line":128},"19":{"name":"toLine","decl":{"start":{"line":129,"column":9},"end":{"line":129,"column":15}},"loc":{"start":{"line":129,"column":24},"end":{"line":131,"column":1}},"line":129},"20":{"name":"inspect","decl":{"start":{"line":133,"column":9},"end":{"line":133,"column":16}},"loc":{"start":{"line":133,"column":49},"end":{"line":151,"column":1}},"line":133},"21":{"name":"getArgs","decl":{"start":{"line":140,"column":13},"end":{"line":140,"column":20}},"loc":{"start":{"line":140,"column":26},"end":{"line":143,"column":5}},"line":140},"22":{"name":"resolveOverload","decl":{"start":{"line":144,"column":13},"end":{"line":144,"column":28}},"loc":{"start":{"line":144,"column":53},"end":{"line":150,"column":5}},"line":144},"23":{"name":"shrink","decl":{"start":{"line":153,"column":9},"end":{"line":153,"column":15}},"loc":{"start":{"line":153,"column":48},"end":{"line":190,"column":1}},"line":153},"24":{"name":"(anonymous_24)","decl":{"start":{"line":162,"column":47},"end":{"line":162,"column":48}},"loc":{"start":{"line":162,"column":64},"end":{"line":164,"column":9}},"line":162},"25":{"name":"(anonymous_25)","decl":{"start":{"line":165,"column":17},"end":{"line":165,"column":18}},"loc":{"start":{"line":165,"column":34},"end":{"line":170,"column":9}},"line":165},"26":{"name":"(anonymous_26)","decl":{"start":{"line":171,"column":52},"end":{"line":171,"column":53}},"loc":{"start":{"line":171,"column":82},"end":{"line":188,"column":9}},"line":171}},"branchMap":{"0":{"loc":{"start":{"line":2,"column":15},"end":{"line":12,"column":1}},"type":"binary-expr","locations":[{"start":{"line":2,"column":16},"end":{"line":2,"column":20}},{"start":{"line":2,"column":24},"end":{"line":2,"column":37}},{"start":{"line":2,"column":42},"end":{"line":12,"column":1}}],"line":2},"1":{"loc":{"start":{"line":3,"column":15},"end":{"line":10,"column":5}},"type":"binary-expr","locations":[{"start":{"line":3,"column":15},"end":{"line":3,"column":28}},{"start":{"line":3,"column":32},"end":{"line":10,"column":5}}],"line":3},"2":{"loc":{"start":{"line":6,"column":29},"end":{"line":7,"column":28}},"type":"if","locations":[{"start":{"line":6,"column":29},"end":{"line":7,"column":28}},{"start":{"line":6,"column":29},"end":{"line":7,"column":28}}],"line":6},"3":{"loc":{"start":{"line":13,"column":22},"end":{"line":23,"column":3}},"type":"binary-expr","locations":[{"start":{"line":13,"column":23},"end":{"line":13,"column":27}},{"start":{"line":13,"column":31},"end":{"line":13,"column":51}},{"start":{"line":13,"column":57},"end":{"line":23,"column":2}}],"line":13},"4":{"loc":{"start":{"line":13,"column":57},"end":{"line":23,"column":2}},"type":"cond-expr","locations":[{"start":{"line":13,"column":74},"end":{"line":20,"column":1}},{"start":{"line":20,"column":6},"end":{"line":23,"column":1}}],"line":13},"5":{"loc":{"start":{"line":14,"column":4},"end":{"line":14,"column":33}},"type":"if","locations":[{"start":{"line":14,"column":4},"end":{"line":14,"column":33}},{"start":{"line":14,"column":4},"end":{"line":14,"column":33}}],"line":14},"6":{"loc":{"start":{"line":16,"column":4},"end":{"line":18,"column":5}},"type":"if","locations":[{"start":{"line":16,"column":4},"end":{"line":18,"column":5}},{"start":{"line":16,"column":4},"end":{"line":18,"column":5}}],"line":16},"7":{"loc":{"start":{"line":16,"column":8},"end":{"line":16,"column":85}},"type":"binary-expr","locations":[{"start":{"line":16,"column":8},"end":{"line":16,"column":13}},{"start":{"line":16,"column":18},"end":{"line":16,"column":84}}],"line":16},"8":{"loc":{"start":{"line":16,"column":18},"end":{"line":16,"column":84}},"type":"cond-expr","locations":[{"start":{"line":16,"column":34},"end":{"line":16,"column":47}},{"start":{"line":16,"column":50},"end":{"line":16,"column":84}}],"line":16},"9":{"loc":{"start":{"line":16,"column":50},"end":{"line":16,"column":84}},"type":"binary-expr","locations":[{"start":{"line":16,"column":50},"end":{"line":16,"column":63}},{"start":{"line":16,"column":67},"end":{"line":16,"column":84}}],"line":16},"10":{"loc":{"start":{"line":21,"column":4},"end":{"line":21,"column":33}},"type":"if","locations":[{"start":{"line":21,"column":4},"end":{"line":21,"column":33}},{"start":{"line":21,"column":4},"end":{"line":21,"column":33}}],"line":21},"11":{"loc":{"start":{"line":24,"column":25},"end":{"line":28,"column":2}},"type":"binary-expr","locations":[{"start":{"line":24,"column":26},"end":{"line":24,"column":30}},{"start":{"line":24,"column":34},"end":{"line":24,"column":57}},{"start":{"line":24,"column":63},"end":{"line":28,"column":1}}],"line":24},"12":{"loc":{"start":{"line":24,"column":63},"end":{"line":28,"column":1}},"type":"cond-expr","locations":[{"start":{"line":24,"column":80},"end":{"line":26,"column":1}},{"start":{"line":26,"column":5},"end":{"line":28,"column":1}}],"line":24},"13":{"loc":{"start":{"line":29,"column":19},"end":{"line":35,"column":1}},"type":"binary-expr","locations":[{"start":{"line":29,"column":20},"end":{"line":29,"column":24}},{"start":{"line":29,"column":28},"end":{"line":29,"column":45}},{"start":{"line":29,"column":50},"end":{"line":35,"column":1}}],"line":29},"14":{"loc":{"start":{"line":30,"column":4},"end":{"line":30,"column":42}},"type":"if","locations":[{"start":{"line":30,"column":4},"end":{"line":30,"column":42}},{"start":{"line":30,"column":4},"end":{"line":30,"column":42}}],"line":30},"15":{"loc":{"start":{"line":30,"column":8},"end":{"line":30,"column":29}},"type":"binary-expr","locations":[{"start":{"line":30,"column":8},"end":{"line":30,"column":11}},{"start":{"line":30,"column":15},"end":{"line":30,"column":29}}],"line":30},"16":{"loc":{"start":{"line":32,"column":4},"end":{"line":32,"column":141}},"type":"if","locations":[{"start":{"line":32,"column":4},"end":{"line":32,"column":141}},{"start":{"line":32,"column":4},"end":{"line":32,"column":141}}],"line":32},"17":{"loc":{"start":{"line":32,"column":40},"end":{"line":32,"column":141}},"type":"if","locations":[{"start":{"line":32,"column":40},"end":{"line":32,"column":141}},{"start":{"line":32,"column":40},"end":{"line":32,"column":141}}],"line":32},"18":{"loc":{"start":{"line":32,"column":44},"end":{"line":32,"column":107}},"type":"binary-expr","locations":[{"start":{"line":32,"column":44},"end":{"line":32,"column":59}},{"start":{"line":32,"column":63},"end":{"line":32,"column":107}}],"line":32},"19":{"loc":{"start":{"line":36,"column":20},"end":{"line":44,"column":1}},"type":"binary-expr","locations":[{"start":{"line":36,"column":21},"end":{"line":36,"column":25}},{"start":{"line":36,"column":29},"end":{"line":36,"column":47}},{"start":{"line":36,"column":52},"end":{"line":44,"column":1}}],"line":36},"20":{"loc":{"start":{"line":37,"column":4},"end":{"line":42,"column":5}},"type":"if","locations":[{"start":{"line":37,"column":4},"end":{"line":42,"column":5}},{"start":{"line":37,"column":4},"end":{"line":42,"column":5}}],"line":37},"21":{"loc":{"start":{"line":37,"column":8},"end":{"line":37,"column":38}},"type":"binary-expr","locations":[{"start":{"line":37,"column":8},"end":{"line":37,"column":12}},{"start":{"line":37,"column":16},"end":{"line":37,"column":38}}],"line":37},"22":{"loc":{"start":{"line":38,"column":8},"end":{"line":41,"column":9}},"type":"if","locations":[{"start":{"line":38,"column":8},"end":{"line":41,"column":9}},{"start":{"line":38,"column":8},"end":{"line":41,"column":9}}],"line":38},"23":{"loc":{"start":{"line":38,"column":12},"end":{"line":38,"column":30}},"type":"binary-expr","locations":[{"start":{"line":38,"column":12},"end":{"line":38,"column":14}},{"start":{"line":38,"column":18},"end":{"line":38,"column":30}}],"line":38},"24":{"loc":{"start":{"line":39,"column":12},"end":{"line":39,"column":65}},"type":"if","locations":[{"start":{"line":39,"column":12},"end":{"line":39,"column":65}},{"start":{"line":39,"column":12},"end":{"line":39,"column":65}}],"line":39},"25":{"loc":{"start":{"line":43,"column":21},"end":{"line":43,"column":59}},"type":"binary-expr","locations":[{"start":{"line":43,"column":21},"end":{"line":43,"column":23}},{"start":{"line":43,"column":27},"end":{"line":43,"column":59}}],"line":43},"26":{"loc":{"start":{"line":45,"column":22},"end":{"line":47,"column":1}},"type":"binary-expr","locations":[{"start":{"line":45,"column":23},"end":{"line":45,"column":27}},{"start":{"line":45,"column":31},"end":{"line":45,"column":51}},{"start":{"line":45,"column":56},"end":{"line":47,"column":1}}],"line":45},"27":{"loc":{"start":{"line":46,"column":11},"end":{"line":46,"column":61}},"type":"cond-expr","locations":[{"start":{"line":46,"column":37},"end":{"line":46,"column":40}},{"start":{"line":46,"column":43},"end":{"line":46,"column":61}}],"line":46},"28":{"loc":{"start":{"line":46,"column":12},"end":{"line":46,"column":33}},"type":"binary-expr","locations":[{"start":{"line":46,"column":12},"end":{"line":46,"column":15}},{"start":{"line":46,"column":19},"end":{"line":46,"column":33}}],"line":46},"29":{"loc":{"start":{"line":59,"column":3},"end":{"line":59,"column":52}},"type":"binary-expr","locations":[{"start":{"line":59,"column":3},"end":{"line":59,"column":12}},{"start":{"line":59,"column":17},"end":{"line":59,"column":51}}],"line":59},"30":{"loc":{"start":{"line":108,"column":16},"end":{"line":112,"column":30}},"type":"cond-expr","locations":[{"start":{"line":109,"column":10},"end":{"line":109,"column":57}},{"start":{"line":110,"column":10},"end":{"line":112,"column":30}}],"line":108},"31":{"loc":{"start":{"line":110,"column":10},"end":{"line":112,"column":30}},"type":"cond-expr","locations":[{"start":{"line":111,"column":14},"end":{"line":111,"column":65}},{"start":{"line":112,"column":14},"end":{"line":112,"column":30}}],"line":110},"32":{"loc":{"start":{"line":110,"column":10},"end":{"line":110,"column":57}},"type":"binary-expr","locations":[{"start":{"line":110,"column":10},"end":{"line":110,"column":29}},{"start":{"line":110,"column":33},"end":{"line":110,"column":57}}],"line":110},"33":{"loc":{"start":{"line":128,"column":81},"end":{"line":128,"column":104}},"type":"binary-expr","locations":[{"start":{"line":128,"column":81},"end":{"line":128,"column":91}},{"start":{"line":128,"column":95},"end":{"line":128,"column":104}}],"line":128},"34":{"loc":{"start":{"line":134,"column":4},"end":{"line":135,"column":77}},"type":"if","locations":[{"start":{"line":134,"column":4},"end":{"line":135,"column":77}},{"start":{"line":134,"column":4},"end":{"line":135,"column":77}}],"line":134},"35":{"loc":{"start":{"line":137,"column":4},"end":{"line":138,"column":50}},"type":"if","locations":[{"start":{"line":137,"column":4},"end":{"line":138,"column":50}},{"start":{"line":137,"column":4},"end":{"line":138,"column":50}}],"line":137},"36":{"loc":{"start":{"line":137,"column":8},"end":{"line":137,"column":26}},"type":"binary-expr","locations":[{"start":{"line":137,"column":8},"end":{"line":137,"column":12}},{"start":{"line":137,"column":16},"end":{"line":137,"column":26}}],"line":137},"37":{"loc":{"start":{"line":141,"column":8},"end":{"line":141,"column":45}},"type":"if","locations":[{"start":{"line":141,"column":8},"end":{"line":141,"column":45}},{"start":{"line":141,"column":8},"end":{"line":141,"column":45}}],"line":141},"38":{"loc":{"start":{"line":145,"column":15},"end":{"line":149,"column":40}},"type":"cond-expr","locations":[{"start":{"line":146,"column":14},"end":{"line":146,"column":38}},{"start":{"line":147,"column":14},"end":{"line":149,"column":40}}],"line":145},"39":{"loc":{"start":{"line":147,"column":14},"end":{"line":149,"column":40}},"type":"cond-expr","locations":[{"start":{"line":148,"column":18},"end":{"line":148,"column":45}},{"start":{"line":149,"column":18},"end":{"line":149,"column":40}}],"line":147},"40":{"loc":{"start":{"line":154,"column":4},"end":{"line":154,"column":42}},"type":"if","locations":[{"start":{"line":154,"column":4},"end":{"line":154,"column":42}},{"start":{"line":154,"column":4},"end":{"line":154,"column":42}}],"line":154},"41":{"loc":{"start":{"line":155,"column":4},"end":{"line":155,"column":55}},"type":"if","locations":[{"start":{"line":155,"column":4},"end":{"line":155,"column":55}},{"start":{"line":155,"column":4},"end":{"line":155,"column":55}}],"line":155},"42":{"loc":{"start":{"line":156,"column":4},"end":{"line":156,"column":46}},"type":"if","locations":[{"start":{"line":156,"column":4},"end":{"line":156,"column":46}},{"start":{"line":156,"column":4},"end":{"line":156,"column":46}}],"line":156},"43":{"loc":{"start":{"line":159,"column":4},"end":{"line":160,"column":20}},"type":"if","locations":[{"start":{"line":159,"column":4},"end":{"line":160,"column":20}},{"start":{"line":159,"column":4},"end":{"line":160,"column":20}}],"line":159},"44":{"loc":{"start":{"line":159,"column":8},"end":{"line":159,"column":29}},"type":"binary-expr","locations":[{"start":{"line":159,"column":8},"end":{"line":159,"column":16}},{"start":{"line":159,"column":20},"end":{"line":159,"column":29}}],"line":159},"45":{"loc":{"start":{"line":161,"column":21},"end":{"line":188,"column":14}},"type":"cond-expr","locations":[{"start":{"line":162,"column":10},"end":{"line":170,"column":10}},{"start":{"line":171,"column":10},"end":{"line":188,"column":14}}],"line":161},"46":{"loc":{"start":{"line":163,"column":19},"end":{"line":163,"column":70}},"type":"binary-expr","locations":[{"start":{"line":163,"column":20},"end":{"line":163,"column":27}},{"start":{"line":163,"column":31},"end":{"line":163,"column":36}},{"start":{"line":163,"column":41},"end":{"line":163,"column":70}}],"line":163},"47":{"loc":{"start":{"line":166,"column":19},"end":{"line":169,"column":23}},"type":"cond-expr","locations":[{"start":{"line":167,"column":18},"end":{"line":168,"column":59}},{"start":{"line":169,"column":18},"end":{"line":169,"column":23}}],"line":166},"48":{"loc":{"start":{"line":167,"column":18},"end":{"line":168,"column":59}},"type":"binary-expr","locations":[{"start":{"line":167,"column":19},"end":{"line":167,"column":47}},{"start":{"line":167,"column":51},"end":{"line":167,"column":61}},{"start":{"line":168,"column":20},"end":{"line":168,"column":59}}],"line":167},"49":{"loc":{"start":{"line":173,"column":27},"end":{"line":173,"column":64}},"type":"binary-expr","locations":[{"start":{"line":173,"column":27},"end":{"line":173,"column":53}},{"start":{"line":173,"column":57},"end":{"line":173,"column":64}}],"line":173},"50":{"loc":{"start":{"line":174,"column":12},"end":{"line":178,"column":13}},"type":"if","locations":[{"start":{"line":174,"column":12},"end":{"line":178,"column":13}},{"start":{"line":174,"column":12},"end":{"line":178,"column":13}}],"line":174},"51":{"loc":{"start":{"line":174,"column":16},"end":{"line":176,"column":31}},"type":"binary-expr","locations":[{"start":{"line":174,"column":17},"end":{"line":174,"column":21}},{"start":{"line":174,"column":25},"end":{"line":174,"column":34}},{"start":{"line":175,"column":17},"end":{"line":175,"column":21}},{"start":{"line":175,"column":25},"end":{"line":175,"column":51}},{"start":{"line":176,"column":16},"end":{"line":176,"column":31}}],"line":174},"52":{"loc":{"start":{"line":180,"column":22},"end":{"line":183,"column":70}},"type":"cond-expr","locations":[{"start":{"line":181,"column":18},"end":{"line":181,"column":54}},{"start":{"line":182,"column":18},"end":{"line":183,"column":70}}],"line":180},"53":{"loc":{"start":{"line":182,"column":18},"end":{"line":183,"column":70}},"type":"binary-expr","locations":[{"start":{"line":182,"column":18},"end":{"line":182,"column":43}},{"start":{"line":183,"column":20},"end":{"line":183,"column":70}}],"line":182},"54":{"loc":{"start":{"line":184,"column":31},"end":{"line":186,"column":57}},"type":"cond-expr","locations":[{"start":{"line":185,"column":18},"end":{"line":185,"column":61}},{"start":{"line":186,"column":18},"end":{"line":186,"column":57}}],"line":184},"55":{"loc":{"start":{"line":185,"column":36},"end":{"line":185,"column":55}},"type":"binary-expr","locations":[{"start":{"line":185,"column":36},"end":{"line":185,"column":39}},{"start":{"line":185,"column":43},"end":{"line":185,"column":55}}],"line":185}},"s":{"0":1,"1":0,"2":0,"3":0,"4":0,"5":0,"6":0,"7":0,"8":0,"9":0,"10":0,"11":1,"12":16,"13":16,"14":16,"15":16,"16":16,"17":2,"18":16,"19":0,"20":0,"21":0,"22":1,"23":1,"24":0,"25":1,"26":1,"27":0,"28":1,"29":1,"30":1,"31":16,"32":16,"33":1,"34":1,"35":1,"36":0,"37":0,"38":0,"39":0,"40":0,"41":0,"42":0,"43":0,"44":0,"45":1,"46":1,"47":1,"48":1,"49":1,"50":1,"51":1,"52":1,"53":1,"54":1,"55":1,"56":1,"57":117,"58":1,"59":1,"60":1,"61":1,"62":1,"63":0,"64":0,"65":0,"66":0,"67":0,"68":0,"69":0,"70":0,"71":1,"72":119,"73":119,"74":0,"75":0,"76":0,"77":1,"78":1,"79":1,"80":1,"81":1,"82":8,"83":180,"84":1,"85":0,"86":0,"87":0,"88":0,"89":0,"90":0,"91":0,"92":0,"93":0,"94":0,"95":0,"96":0,"97":1,"98":0,"99":0,"100":0,"101":0,"102":0,"103":0,"104":0,"105":0,"106":0,"107":0,"108":0,"109":0,"110":0,"111":0,"112":0,"113":0,"114":0,"115":0,"116":0,"117":0,"118":0,"119":0,"120":0},"f":{"0":0,"1":0,"2":16,"3":2,"4":0,"5":1,"6":0,"7":1,"8":0,"9":1,"10":1,"11":117,"12":1,"13":0,"14":0,"15":119,"16":0,"17":1,"18":8,"19":180,"20":0,"21":0,"22":0,"23":0,"24":0,"25":0,"26":0},"b":{"0":[1,1,1],"1":[0,0],"2":[0,0],"3":[1,1,1],"4":[1,0],"5":[16,0],"6":[16,0],"7":[16,16],"8":[0,16],"9":[16,0],"10":[0,0],"11":[1,1,1],"12":[1,0],"13":[1,1,1],"14":[0,1],"15":[1,1],"16":[1,0],"17":[16,0],"18":[16,16],"19":[1,1,1],"20":[0,0],"21":[0,0],"22":[0,0],"23":[0,0],"24":[0,0],"25":[0,0],"26":[1,1,1],"27":[0,1],"28":[1,1],"29":[1,1],"30":[2,117],"31":[117,0],"32":[117,117],"33":[8,5],"34":[0,0],"35":[0,0],"36":[0,0],"37":[0,0],"38":[0,0],"39":[0,0],"40":[0,0],"41":[0,0],"42":[0,0],"43":[0,0],"44":[0,0],"45":[0,0],"46":[0,0,0],"47":[0,0],"48":[0,0,0],"49":[0,0],"50":[0,0],"51":[0,0,0,0,0],"52":[0,0],"53":[0,0],"54":[0,0],"55":[0,0]},"inputSourceMap":{"version":3,"file":"/home/michaeladmin/code/typedox/src/backend/logger/loggerUtils.ts","sources":["/home/michaeladmin/code/typedox/src/backend/logger/loggerUtils.ts"],"names":[],"mappings":";;;;;;;;;;;;;;;;;;;;;;;;;;;;;;;;;;;;;;;;;;;;;;;;;AAAA,yCAA6B;AAC7B,8CAAwB;AACxB,sCAAmD;AAEnD,IAAY,SAKX;AALD,WAAY,SAAS;IACpB,2CAAS,CAAA;IACT,yCAAQ,CAAA;IACR,yCAAQ,CAAA;IACR,2CAAS,CAAA;AACV,CAAC,EALW,SAAS,yBAAT,SAAS,QAKpB;AAED,SAAgB,cAAc,CAAC,IAAY;IAC1C,OAAO,IAAI,CAAC,CAAC,CAAC,CAAC,iBAAiB,EAAE,GAAG,IAAI,CAAC,KAAK,CAAC,CAAC
[...]
":41},"end":{"line":40,"column":1}},"line":36},"7":{"name":"branch","decl":{"start":{"line":42,"column":9},"end":{"line":42,"column":15}},"loc":{"start":{"line":42,"column":28},"end":{"line":52,"column":1}},"line":42},"8":{"name":"nameSpacesGroup","decl":{"start":{"line":53,"column":9},"end":{"line":53,"column":24}},"loc":{"start":{"line":53,"column":36},"end":{"line":55,"column":1}},"line":53},"9":{"name":"classesGroup","decl":{"start":{"line":56,"column":9},"end":{"line":56,"column":21}},"loc":{"start":{"line":56,"column":24},"end":{"line":58,"column":1}},"line":56},"10":{"name":"variablesGroup","decl":{"start":{"line":59,"column":9},"end":{"line":59,"column":23}},"loc":{"start":{"line":59,"column":26},"end":{"line":61,"column":1}},"line":59},"11":{"name":"functionsGroup","decl":{"start":{"line":62,"column":9},"end":{"line":62,"column":23}},"loc":{"start":{"line":62,"column":26},"end":{"line":64,"column":1}},"line":62},"12":{"name":"enumsGroup","decl":{"start":{"line":65,"column":9},"end":{"line":65,"column":19}},"loc":{"start":{"line":65,"column":22},"end":{"line":67,"column":1}},"line":65},"13":{"name":"mapToObject","decl":{"start":{"line":68,"column":9},"end":{"line":68,"column":20}},"loc":{"start":{"line":68,"column":48},"end":{"line":75,"column":1}},"line":68},"14":{"name":"(anonymous_14)","decl":{"start":{"line":70,"column":35},"end":{"line":70,"column":36}},"loc":{"start":{"line":70,"column":50},"end":{"line":73,"column":5}},"line":70}},"branchMap":{"0":{"loc":{"start":{"line":2,"column":15},"end":{"line":12,"column":1}},"type":"binary-expr","locations":[{"start":{"line":2,"column":16},"end":{"line":2,"column":20}},{"start":{"line":2,"column":24},"end":{"line":2,"column":37}},{"start":{"line":2,"column":42},"end":{"line":12,"column":1}}],"line":2},"1":{"loc":{"start":{"line":3,"column":15},"end":{"line":10,"column":5}},"type":"binary-expr","locations":[{"start":{"line":3,"column":15},"end":{"line":3,"column":28}},{"start":{"line":3,"column":32},"end":{"line":10,"column":5}}],"line":3},"2":{"loc":{"start":{"line":6,"column":29},"end":{"line":7,"column":28}},"type":"if","locations":[{"start":{"line":6,"column":29},"end":{"line":7,"column":28}},{"start":{"line":6,"column":29},"end":{"line":7,"column":28}}],"line":6},"3":{"loc":{"start":{"line":45,"column":17},"end":{"line":45,"column":67}},"type":"cond-expr","locations":[{"start":{"line":45,"column":50},"end":{"line":45,"column":56}},{"start":{"line":45,"column":59},"end":{"line":45,"column":67}}],"line":45},"4":{"loc":{"start":{"line":45,"column":17},"end":{"line":45,"column":47}},"type":"binary-expr","locations":[{"start":{"line":45,"column":17},"end":{"line":45,"column":29}},{"start":{"line":45,"column":33},"end":{"line":45,"column":47}}],"line":45}},"s":{"0":1,"1":0,"2":0,"3":0,"4":0,"5":0,"6":0,"7":0,"8":0,"9":0,"10":0,"11":1,"12":1,"13":0,"14":0,"15":0,"16":0,"17":0,"18":1,"19":0,"20":0,"21":0,"22":0,"23":0,"24":0,"25":0,"26":0,"27":1,"28":0,"29":0,"30":0,"31":1,"32":0,"33":0,"34":0,"35":0,"36":0,"37":0,"38":0,"39":0,"40":0,"41":0,"42":0,"43":0,"44":0,"45":0,"46":0,"47":0,"48":0},"f":{"0":0,"1":0,"2":0,"3":0,"4":0,"5":0,"6":0,"7":0,"8":0,"9":0,"10":0,"11":0,"12":0,"13":0,"14":0},"b":{"0":[1,1,1],"1":[0,0],"2":[0,0],"3":[0,0],"4":[0,0]},"inputSourceMap":{"version":3,"file":"/home/michaeladmin/code/typedox/src/backend/serialiser/serialiser.ts","sources":["/home/michaeladmin/code/typedox/src/backend/serialiser/serialiser.ts"],"names":[],"mappings":";;;;;;;;;;;;;;AASA,SAAgB,gBAAgB,CAAC,OAAmB;IACnD,IAAM,UAAU,GAAG,IAAI,GAAG,EAAsB,CAAC;IACjD,OAAO,CAAC,WAAW,CAAC,OAAO,CAAC,UAAC,IAAI,IAAK,OAAA,UAAU,CAAC,GAAG,CAAC,IAAI,CAAC,IAAI,EAAE,IAAI,CAAC,EAA/B,CAA+B,CAAC,CAAC;IACvE,IAAM,QAAQ,GAAG,WAAW,CAAa,UAAU,EAAE,mBAAmB,CAAC,CAAC;IAE1E,OAAO;QACN,QAAQ,UAAA;KACR,CAAC;AACH,CAAC;AARD,4CAQC;AACD,SAAgB,mBAAmB,CAAC,UAAsB;IACjD,IAAA,OAAO,GAAyB,UAAU,QAAnC,EAAE,IAAI,GAAmB,UAAU,KAA7B,EAAE,YAAY,GAAK,UAAU,aAAf,CAAgB;IACnD,IAAM,YAAY,GAAG,IAAI,GAAG,EAAuB,CAAC;IACpD,YAAY,CAAC,OAAO,CAAC,UAAC,GAAG,IAAK,OAAA,YAAY,CAAC,GAAG,CAAC,GAAG,CAAC,IAAI,EAAE,GAAG,CAAC,EAA/B,CAA+B,CAAC,CAAC;IAC/D,IAAM,UAAU,GAAG,WAAW,CAC7B,YAAY,EACZ,oBAAoB,CACpB,CAAC;IAEF,OAAO;QACN,IAAI,MAAA;QACJ,OAAO,SAAA;QACP,UAAU,YAAA;KACV,CAAC;AACH,CAAC;AAdD,kDAcC;AAED,SAAgB,oBAAoB,CAAC,SAAsB;IAC1D,IAAM,QAAQ,GAAG,WAAW,CAAS,SAAS,CAAC,YAAY,EAAE,MAAM,CAAC,CAAC;IACrE,IAAM,UAAU,GAAG,SAAS,CAAC,IAAI,CAAC;IAElC,oBAAY,QAAQ,CAAC,UAAU,CAAC,EAAG;AACpC,CAAC;AALD,oDAKC;AAED,SAAS,MAAM,CAAC,UAAkB;IAEhC,IAAA,UAAU,GAMP,UAAU,WANH,EACV,SAAS,GAKN,UAAU,UALJ,EACT,SAAS,GAIN,UAAU,UAJJ,EACT,OAAO,GAGJ,UAAU,QAHN,EACP,KAAK,GAEF,UAAU,MAFR,EACI,GAAG,GACT,UAAU,QADD,CACE;IAEf,OAAO;QACN,OAAO,EAAE,GAAG,aAAH,GAAG,uBAAH,GAAG,CAAE,IAAI;QAClB,UAAU,EAAE,WAAW,CAAa,UAAU,EAAE,eAAe,CAAC;QAChE,OAAO,EAAE,WAAW,CAAU,OAAO,EAAE,YAAY,CAAC;QACpD,SAAS,EAAE,WAAW,CAAY,SAAS,EAAE,cAAc,CAAC;QAC5D,KAAK,EAAE,WAAW,CAAQ,KAAK,EAAE,UAAU,CAAC;QAC5C,SAAS,EAAE,WAAW,CAAY,SAAS,EAAE,cAAc,CAAC;KAC5D,CAAC;AACH,CAAC;AAED,SAAS,eAAe,CAAC,SAAiB;IACzC,oBAAY,MAAM,CAAC,SAAS,CAAC,EAAG;AACjC,CAAC;AAED,SAAS,YAAY;IACpB,OAAO,EAAE,CAAC;AACX,CAAC;AAED,SAAS,cAAc;IACtB,OAAO,EAAE,CAAC;AACX,CAAC;AAED,SAAS,cAAc;IACtB,OAAO,EAAE,CAAC;AACX,CAAC;AAED,SAAS,UAAU;IAClB,OAAO,EAAE,CAAC;AACX,CAAC;AAED,SAAS,WAAW,CACnB,SAAyB,EACzB,cAAmC;IAGnC,IAAM,SAAS,GAAG,MAAM,CAAC,WAAW,CAAC,SAAS,CAAC,CAAC;IAChD,MAAM,CAAC,IAAI,CAAC,SAAS,CAAC,CAAC,OAAO,CAAC,UAAC,GAAG;QAClC,IAAM,WAAW,GAAG,cAAc,CAAC,SAAS,CAAC,GAAG,CAAC,CAAC,CAAC;QACnD,SAAS,CAAC,GAAG,CAAC,GAAG,WAAW,CAAC;IAC9B,CAAC,CAAC,CAAC;IACH,OAAO,SAEN,CAAC;AACH,CAAC","sourcesContent":["import {\n\tBranch,\n\tDoxProject,\n\tNpmPackage,\n\tTsDeclaration,\n\tTsReference,\n\tlogger as log,\n} from '../typedox';\n\nexport function serialiseProject(project: DoxProject) {\n\tconst packageMap = new Map<string, NpmPackage>();\n\tproject.npmPackages.forEach((pack) => packageMap.set(pack.name, pack));\n\tconst packages = mapToObject<npmPackage>(packageMap, serialiseNpmPackage);\n\n\treturn {\n\t\tpackages,\n\t};\n}\nexport function serialiseNpmPackage(npmPackage: NpmPackage) {\n\tconst { version, name, tsReferences } = npmPackage;\n\tconst referenceMap = new Map<string, TsReference>();\n\ttsReferences.forEach((ref) => referenceMap.set(ref.name, ref));\n\tconst references = mapToObject<tsReference>(\n\t\treferenceMap,\n\t\tserialiseTsReference,\n\t);\n\n\treturn {\n\t\tname,\n\t\tversion,\n\t\treferences,\n\t};\n}\n\nexport function serialiseTsReference(reference: TsReference) {\n\tconst branches = mapToObject<branch>(reference.treeBranches, branch);\n\tconst branchName = reference.name;\n\n\treturn { ...branches[branchName] };\n}\n\nfunction branch(treeBranch: Branch) {\n\tconst {\n\t\tnameSpaces,\n\t\tfunctions,\n\t\tvariables,\n\t\tclasses,\n\t\tenums,\n\t\tdefault: def,\n\t} = treeBranch;\n\n\treturn {\n\t\tdefault: def?.name,\n\t\tnamespaces: mapToObject<nameSpaces>(nameSpaces, nameSpacesGroup),\n\t\tclasses: mapToObject<classes>(classes, classesGroup),\n\t\tfunctions: mapToObject<functions>(functions, functionsGroup),\n\t\tenums: mapToObject<enums>(enums, enumsGroup),\n\t\tvariables: mapToObject<variables>(variables, variablesGroup),\n\t};\n}\n\nfunction nameSpacesGroup(nameSpace: Branch) {\n\treturn { ...branch(nameSpace) };\n}\n\nfunction classesGroup() {\n\treturn {};\n}\n\nfunction variablesGroup() {\n\treturn {};\n}\n\nfunction functionsGroup() {\n\treturn {};\n}\n\nfunction enumsGroup() {\n\treturn {};\n}\n\nfunction mapToObject<T extends targetFunction>(\n\tsourceMap: sourceMapTypes,\n\ttargetFunction: targetFunctionTypes,\n) {\n\ttype R = ReturnType<T>;\n\tconst newObject = Object.fromEntries(sourceMap);\n\tObject.keys(newObject).forEach((key) => {\n\t\tconst newKeyValue = targetFunction(newObject[key]);\n\t\tnewObject[key] = newKeyValue;\n\t});\n\treturn newObject as {\n\t\t[k: string]: R;\n\t};\n}\n\ntype sourceMapTypes =\n\t| Map<string, NpmPackage>\n\t| Map<string, TsReference>\n\t| Map<string, Branch>\n\t| Map<string, TsDeclaration>;\n\ntype targetFunctionTypes = npmPackage | tsReference | branch;\ntype targetFunction = (...args: any) => any;\ntype npmPackage = typeof serialiseNpmPackage;\ntype tsReference = typeof serialiseTsReference;\ntype branch = typeof branch;\ntype nameSpaces = typeof nameSpacesGroup;\ntype classes = typeof classesGroup;\ntype variables = typeof variablesGroup;\ntype functions = typeof functionsGroup;\ntype enums = typeof enumsGroup;\n"]},"_coverageSchema":"1a1c01bbd47fc00a2c39e90264f33305004495a9","hash":"852fca0b00564a8bfc0a3d835f11af8b5a3b696e","contentHash":"89c9e06288b9c4916772430f8a363d7519b1f3ff9f4519aa1a321ef433eb2e9f"},"/home/michaeladmin/code/typedox/src/backend/index.ts":{"path":"/home/michaeladmin/code/typedox/src/backend/index.ts","statementMap":{"0":{"start":{"line":3,"column":20},"end":{"line":11,"column":1}},"1":{"start":{"line":4,"column":4},"end":{"line":9,"column":5}},"2":{"start":{"line":4,"column":40},"end":{"line":9,"column":5}},"3":{"start":{"line":4,"column":53},"end":{"line":4,"column":54}},"4":{"start":{"line":4,"column":60},"end":{"line":4,"column":71}},"5":{"start":{"line":5,"column":8},"end":{"line":8,"column":9}},"6":{"start":{"line":6,"column":12},"end":{"line":6,"column":65}},"7":{"start":{"line":6,"column":21},"end":{"line":6,"column":65}},"8":{"start":{"line":7,"column":12},"end":{"line":7,"column":28}},"9":{"start":{"line":10,"column":4},"end":{"line":10,"column":61}},"10":{"start":{"line":12,"column":0},"end":{"line":12,"column":62}},"11":{"start":{"line":13,"column":16},"end":{"line":13,"column":36}},"12":{"start":{"line":14,"column":0},"end":{"line":14,"column":7}},"13":{"start":{"line":16,"column":4},"end":{"line":17,"column":15}},"14":{"start":{"line":17,"column":8},"end":{"line":17,"column":15}},"15":{"start":{"line":18,"column":21},"end":{"line":18,"column":50}},"16":{"start":{"line":19,"column":22},"end":{"line":19,"column":48}},"17":{"start":{"line":20,"column":23},"end":{"line":20,"column":51}},"18":{"start":{"line":21,"column":4},"end":{"line":21,"column":47}},"19":{"start":{"line":22,"column":4},"end":{"line":22,"column":37}},"20":{"start":{"line":23,"column":4},"end":{"line":23,"column":39}},"21":{"start":{"line":26,"column":0},"end":{"line":26,"column":23}},"22":{"start":{"line":28,"column":25},"end":{"line":28,"column":70}},"23":{"start":{"line":29,"column":21},"end":{"line":29,"column":61}},"24":{"start":{"line":30,"column":4},"end":{"line":30,"column":62}},"25":{"start":{"line":31,"column":4},"end":{"line":31,"column":22}},"26":{"start":{"line":34,"column":4},"end":{"line":34,"column":34}},"27":{"start":{"line":37,"column":4},"end":{"line":37,"column":93}},"28":{"start":{"line":37,"column":51},"end":{"line":37,"column":82}},"29":{"start":{"line":40,"column":4},"end":{"line":43,"column":7}},"30":{"start":{"line":41,"column":8},"end":{"line":41,"column":36}},"31":{"start":{"line":42,"column":8},"end":{"line":42,"column":43}},"32":{"start":{"line":46,"column":4},"end":{"line":46,"column":94}},"33":{"start":{"line":46,"column":50},"end":{"line":46,"column":90}},"34":{"start":{"line":49,"column":4},"end":{"line":54,"column":7}},"35":{"start":{"line":50,"column":26},"end":{"line":50,"column":53}},"36":{"start":{"line":51,"column":31},"end":{"line":51,"column":85}},"37":{"start":{"line":52,"column":25},"end":{"line":52,"column":76}},"38":{"start":{"line":53,"column":8},"end":{"line":53,"column":67}},"39":{"start":{"line":56,"column":8},"end":{"line":56,"column":70}}},"fnMap":{"0":{"name":"(anonymous_0)","decl":{"start":{"line":3,"column":52},"end":{"line":3,"column":53}},"loc":{"start":{"line":3,"column":78},"end":{"line":11,"column":1}},"line":3},"1":{"name":"main","decl":{"start":{"line":15,"column":9},"end":{"line":15,"column":13}},"loc":{"start":{"line":15,"column":29},"end":{"line":25,"column":1}},"line":15},"2":{"name":"makeDoxProject","decl":{"start":{"line":27,"column":9},"end":{"line":27,"column":23}},"loc":{"start":{"line":27,"column":39},"end":{"line":32,"column":1}},"line":27},"3":{"name":"getNpmPackages","decl":{"start":{"line":33,"column":9},"end":{"line":33,"column":23}},"loc":{"start":{"line":33,"column":36},"end":{"line":35,"column":1}},"line":33},"4":{"name":"getTsReferences","decl":{"start":{"line":36,"column":9},"end":{"line":36,"column":24}},"loc":{"start":{"line":36,"column":38},"end":{"line":38,"column":1}},"line":36},"5":{"name":"(anonymous_5)","decl":{"start":{"line":37,"column":27},"end":{"line":37,"column":28}},"loc":{"start":{"line":37,"column":49},"end":{"line":37,"column":84}},"line":37},"6":{"name":"discoverFilesAndDeclarations","decl":{"start":{"line":39,"column":9},"end":{"line":39,"column":37}},"loc":{"start":{"line":39,"column":52},"end":{"line":44,"column":1}},"line":39},"7":{"name":"(anonymous_7)","decl":{"start":{"line":40,"column":25},"end":{"line":40,"column":26}},"loc":{"start":{"line":40,"column":48},"end":{"line":43,"column":5}},"line":40},"8":{"name":"buildRelationShips","decl":{"start":{"line":45,"column":9},"end":{"line":45,"column":27}},"loc":{"start":{"line":45,"column":42},"end":{"line":47,"column":1}},"line":45},"9":{"name":"(anonymous_9)","decl":{"start":{"line":46,"column":25},"end":{"line":46,"column":26}},"loc":{"start":{"line":46,"column":48},"end":{"line":46,"column":92}},"line":46},"10":{"name":"growDocumentBranches","decl":{"start":{"line":48,"column":9},"end":{"line":48,"column":29}},"loc":{"start":{"line":48,"column":44},"end":{"line":58,"column":1}},"line":48},"11":{"name":"(anonymous_11)","decl":{"start":{"line":49,"column":25},"end":{"line":49,"column":26}},"loc":{"start":{"line":49,"column":48},"end":{"line":54,"column":5}},"line":49},"12":{"name":"getSourceFiles","decl":{"start":{"line":55,"column":13},"end":{"line":55,"column":27}},"loc":{"start":{"line":55,"column":41},"end":{"line":57,"column":5}},"line":55}},"branchMap":{"0":{"loc":{"start":{"line":3,"column":20},"end":{"line":11,"column":1}},"type":"binary-expr","locations":[{"start":{"line":3,"column":21},"end":{"line":3,"column":25}},{"start":{"line":3,"column":29},"end":{"line":3,"column":47}},{"start":{"line":3,"column":52},"end":{"line":11,"column":1}}],"line":3},"1":{"loc":{"start":{"line":4,"column":4},"end":{"line":9,"column":5}},"type":"if","locations":[{"start":{"line":4,"column":4},"end":{"line":9,"column":5}},{"start":{"line":4,"column":4},"end":{"line":9,"column":5}}],"line":4},"2":{"loc":{"start":{"line":4,"column":8},"end":{"line":4,"column":38}},"type":"binary-expr","locations":[{"start":{"line":4,"column":8},"end":{"line":4,"column":12}},{"start":{"line":4,"column":16},"end":{"line":4,"column":38}}],"line":4},"3":{"loc":{"start":{"line":5,"column":8},"end":{"line":8,"column":9}},"type":"if","locations":[{"start":{"line":5,"column":8},"end":{"line":8,"column":9}},{"start":{"line":5,"column":8},"end":{"line":8,"column":9}}],"line":5},"4":{"loc":{"start":{"line":5,"column":12},"end":{"line":5,"column":30}},"type":"binary-expr","locations":[{"start":{"line":5,"column":12},"end":{"line":5,"column":14}},{"start":{"line":5,"column":18},"end":{"line":5,"column":30}}],"line":5},"5":{"loc":{"start":{"line":6,"column":12},"end":{"line":6,"column":65}},"type":"if","locations":[{"start":{"line":6,"column":12},"end":{"line":6,"column":65}},{"start":{"line":6,"column":12},"end":{"line":6,"column":65}}],"line":6},"6":{"loc":{"start":{"line":10,"column":21},"end":{"line":10,"column":59}},"type":"binary-expr","locations":[{"start":{"line":10,"column":21},"end":{"line":10,"column":23}},{"start":{"line":10,"column":27},"end":{"line":10,"column":59}}],"line":10},"7":{"loc":{"start":{"line":16,"column":4},"end":{"line":17,"column":15}},"type":"if","locations":[{"start":{"line":16,"column":4},"end":{"line":17,"column":15}},{"start":{"line":16,"column":4},"end":{"line":17,"column":15}}],"line":16}},"s":{"0":1,"1":3,"2":3,"3":3,"4":3,"5":0,"6":0,"7":0,"8":0,"9":3,"10":1,"11":1,"12":1,"13":1,"14":0,"15":1,"16":1,"17":1,"18":1,"19":1,"20":1,"21":1,"22":1,"23":1,"24":1,"25":1,"26":1,"27":1,"28":1,"29":1,"30":3,"31":3,"32":1,"33":3,"34":1,"35":3,"36":3,"37":3,"38":3,"39":3},"f":{"0":3,"1":1,"2":1,"3":1,"4":1,"5":1,"6":1,"7":3,"8":1,"9":3,"10":1,"11":3,"12":3},"b":{"0":[1,1,1],"1":[3,0],"2":[3,0],"3":[0,0],"4":[0,0],"5":[0,0],"6":[3,3],"7":[0,1]},"inputSourceMap":{"version":3,"file":"/home/michaeladmin/code/typedox/src/backend/index.ts","sources":["/home/michaeladmin/code/typedox/src/backend/index.ts"],"names":[],"mappings":";;;;;;;;;;;;AAEA,qCAQmB;AAEnB,IAAI,EAAE,CAAC;AACP,SAAwB,IAAI,CAAC,aAA8B;IAC1D,IAAI,gBAAG,CAAC,kBAAkB,EAAE;QAAE,OAAO;IAErC,IAAM,UAAU,GAAG,cAAc,CAAC,aAAa,CAAC,CAAC;IACjD,IAAM,WAAW,GAAG,cAAc,CAAC,UAAU,CAAC,CAAC;IAC/C,IAAM,YAAY,GAAG,eAAe,CAAC,WAAW,CAAC,CAAC;IAElD,4BAA4B,CAAC,YAAY,CAAC,CAAC;IAC3C,kBAAkB,CAAC,YAAY,CAAC,CAAC;IACjC,oBAAoB,CAAC,YAAY,CAAC,CAAC;IAEnC,mCAAmC;AACpC,CAAC;AAZD,uBAYC;AAED,SAAS,cAAc,CAAC,aAA8B;IACrD,IAAM,cAAc,GAAG,gBAAM,CAAC,aAAa,CAAC,aAAa,CAAC,CAAC;IAC3D,IAAM,UAAU,GAAG,IAAI,oBAAU,CAAC,cAAc,CAAC,CAAC;IAClD,gBAAG,CAAC,WAAW,CAAC,UAAU,CAAC,OAAO,CAAC,QAAQ,CAAC,CAAC;IAE7C,OAAO,UAAU,CAAC;AACnB,CAAC;AACD,SAAS,cAAc,CAAC,UAAsB;IAC7C,OAAO,UAAU,CAAC,WAAW,CAAC;AAC/B,CAAC;AAED,SAAS,eAAe,CAAC,WAAyB;IACjD,OAAO,WAAW,CAAC,GAAG,CAAC,UAAC,UAAU,IAAK,OAAA,UAAU,CAAC,YAAY,EAAvB,CAAuB,CAAC,CAAC,IAAI,EAAE,CAAC;AACxE,CAAC;AAED,SAAS,4BAA4B,CAAC,YAA2B;IAChE,YAAY,CAAC,OAAO,CAAC,UAAC,WAAW;QAChC,WAAW,CAAC,aAAa,EAAE,CAAC;QAC5B,WAAW,CAAC,oBAAoB,EAAE,CAAC;IACpC,CAAC,CAAC,CAAC;AACJ,CAAC;AAED,SAAS,kBAAkB,CAAC,YAA2B;IACtD,YAAY,CAAC,OAAO,CAAC,UAAC,WAAW,IAAK,OAAA,WAAW,CAAC,kBAAkB,EAAE,EAAhC,CAAgC,CAAC,CAAC;AACzE,CAAC;AAED,SAAS,oBAAoB,CAAC,YAA2B;IACxD,YAAY,CAAC,OAAO,CAAC,UAAC,WAAW;QAChC,IAAM,WAAW,GAAG,cAAc,CAAC,WAAW,CAAC,CAAC;QAChD,IAAM,gBAAgB,GAAG,qBAAW,CAAC,mBAAmB,CAAC,WAAW,CAAC,CAAC;QACtE,IAAM,UAAU,GAAG,IAAI,gBAAM,CAAC,WAAW,EAAE,gBAAgB,CAAC,CAAC;QAC7D,WAAW,CAAC,YAAY,CAAC,GAAG,CAAC,WAAW,CAAC,IAAI,EAAE,UAAU,CAAC,CAAC;IAC5D,CAAC,CAAC,CAAC;IAEH,SAAS,cAAc,CAAC,WAAwB;QAC/C,yBAAW,WAAW,CAAC,QAAQ,CAAC,MAAM,EAAE,QAAE;IAC3C,CAAC;AACF,CAAC","sourcesContent":["#!/usr/bin/env node\n\nimport {\n\tconfig,\n\tTsReference,\n\tDoxProject,\n\tNpmPackage,\n\tBranch,\n\tlogger as log,\n\tprojectOptions,\n} from './typedox';\n\nmain();\nexport default function main(customOptions?: projectOptions) {\n\tif (log.isClRequestForHelp()) return;\n\n\tconst doxProject = makeDoxProject(customOptions);\n\tconst npmPackages = getNpmPackages(doxProject);\n\tconst tsReferences = getTsReferences(npmPackages);\n\n\tdiscoverFilesAndDeclarations(tsReferences);\n\tbuildRelationShips(tsReferences);\n\tgrowDocumentBranches(tsReferences);\n\n\t//log.inspect(doxProject.toObject);\n}\n\nfunction makeDoxProject(customOptions?: projectOptions) {\n\tconst projectOptions = config.getDoxOptions(customOptions);\n\tconst doxProject = new DoxProject(projectOptions);\n\tlog.setLogLevel(doxProject.options.logLevel);\n\n\treturn doxProject;\n}\nfunction getNpmPackages(doxProject: DoxProject) {\n\treturn doxProject.npmPackages;\n}\n\nfunction getTsReferences(npmPackages: NpmPackage[]) {\n\treturn npmPackages.map((npmPackage) => npmPackage.tsReferences).flat();\n}\n\nfunction discoverFilesAndDeclarations(tsReferences: TsReference[]) {\n\ttsReferences.forEach((tsReference) => {\n\t\ttsReference.discoverFiles();\n\t\ttsReference.discoverDeclarations();\n\t});\n}\n\nfunction buildRelationShips(tsReferences: TsReference[]) {\n\ttsReferences.forEach((tsReference) => tsReference.buildRelationships());\n}\n\nfunction growDocumentBranches(tsReferences: TsReference[]) {\n\ttsReferences.forEach((tsReference) => {\n\t\tconst fileSources = getSourceFiles(tsReference);\n\t\tconst rootDeclarations = TsReference.getDeclarationRoots(fileSources);\n\t\tconst treeBranch = new Branch(tsReference, rootDeclarations);\n\t\ttsReference.treeBranches.set(tsReference.name, treeBranch);\n\t});\n\n\tfunction getSourceFiles(tsReference: TsReference) {\n\t\treturn [...tsReference.filesMap.values()];\n\t}\n}\n"]},"_coverageSchema":"1a1c01bbd47fc00a2c39e90264f33305004495a9","hash":"45e8e010c5f24f09bd6e14cfe612f2292dd9726a","contentHash":"304633f6c7ca09254b6b988e5900038cb3ba6db6046a771bc897f022b2ee5725"}}