<?xml version="1.0" encoding="UTF-8"?>
<coverage generated="1694629803974" clover="3.2.0">
  <project timestamp="1694629803974" name="All files">
    <metrics statements="1014" coveredstatements="794" conditionals="613" coveredconditionals="315" methods="338" coveredmethods="240" elements="1965" coveredelements="1349" complexity="0" loc="1014" ncloc="1014" packages="6" files="24" classes="24"/>
    <package name="backend">
      <metrics statements="62" coveredstatements="62" conditionals="6" coveredconditionals="5" methods="23" coveredmethods="23"/>
      <file name="index.ts" path="/home/michaeladmin/code/typedox/src/backend/index.ts">
        <metrics statements="26" coveredstatements="26" conditionals="2" coveredconditionals="1" methods="12" coveredmethods="12"/>
        <line num="3" count="1" type="stmt"/>
        <line num="13" count="1" type="stmt"/>
        <line num="14" count="1" type="stmt"/>
        <line num="15" count="1" type="cond" truecount="1" falsecount="1"/>
        <line num="17" count="1" type="stmt"/>
        <line num="18" count="1" type="stmt"/>
        <line num="19" count="1" type="stmt"/>
        <line num="21" count="1" type="stmt"/>
        <line num="22" count="1" type="stmt"/>
        <line num="23" count="1" type="stmt"/>
        <line num="29" count="1" type="stmt"/>
        <line num="30" count="1" type="stmt"/>
        <line num="31" count="1" type="stmt"/>
        <line num="33" count="1" type="stmt"/>
        <line num="36" count="1" type="stmt"/>
        <line num="40" count="1" type="stmt"/>
        <line num="44" count="1" type="stmt"/>
        <line num="45" count="3" type="stmt"/>
        <line num="46" count="3" type="stmt"/>
        <line num="51" count="3" type="stmt"/>
        <line num="55" count="1" type="stmt"/>
        <line num="56" count="3" type="stmt"/>
        <line num="57" count="3" type="stmt"/>
        <line num="58" count="3" type="stmt"/>
        <line num="59" count="3" type="stmt"/>
        <line num="63" count="3" type="stmt"/>
      </file>
      <file name="typedox.ts" path="/home/michaeladmin/code/typedox/src/backend/typedox.ts">
        <metrics statements="36" coveredstatements="36" conditionals="4" coveredconditionals="4" methods="11" coveredmethods="11"/>
        <line num="2" count="1" type="stmt"/>
        <line num="3" count="1" type="stmt"/>
        <line num="5" count="1" type="stmt"/>
        <line num="6" count="1" type="stmt"/>
        <line num="15" count="1" type="stmt"/>
        <line num="17" count="1" type="stmt"/>
        <line num="18" count="1" type="stmt"/>
        <line num="19" count="1" type="stmt"/>
        <line num="20" count="1" type="stmt"/>
        <line num="22" count="1" type="stmt"/>
        <line num="24" count="1" type="stmt"/>
        <line num="25" count="1" type="stmt"/>
        <line num="26" count="1" type="stmt"/>
        <line num="27" count="9" type="stmt"/>
        <line num="28" count="4" type="stmt"/>
        <line num="29" count="2" type="stmt"/>
        <line num="30" count="2" type="stmt"/>
        <line num="31" count="114" type="stmt"/>
        <line num="32" count="27" type="stmt"/>
        <line num="33" count="114" type="stmt"/>
        <line num="34" count="7" type="stmt"/>
        <line num="35" count="136" type="stmt"/>
        <line num="41" count="1" type="cond" truecount="2" falsecount="0"/>
        <line num="42" count="1" type="stmt"/>
        <line num="43" count="1" type="stmt"/>
        <line num="44" count="1" type="stmt"/>
        <line num="45" count="1" type="stmt"/>
        <line num="46" count="1" type="stmt"/>
        <line num="47" count="1" type="stmt"/>
        <line num="48" count="1" type="stmt"/>
        <line num="49" count="1" type="stmt"/>
        <line num="50" count="1" type="stmt"/>
        <line num="51" count="1" type="stmt"/>
        <line num="56" count="1" type="stmt"/>
        <line num="98" count="1" type="cond" truecount="2" falsecount="0"/>
        <line num="99" count="1" type="stmt"/>
      </file>
    </package>
    <package name="backend.config">
      <metrics statements="278" coveredstatements="239" conditionals="196" coveredconditionals="119" methods="89" coveredmethods="73"/>
      <file name="DoxConfig.ts" path="/home/michaeladmin/code/typedox/src/backend/config/DoxConfig.ts">
        <metrics statements="128" coveredstatements="119" conditionals="88" coveredconditionals="64" methods="37" coveredmethods="33"/>
        <line num="1" count="1" type="stmt"/>
        <line num="2" count="1" type="stmt"/>
        <line num="3" count="1" type="stmt"/>
        <line num="5" count="1" type="stmt"/>
        <line num="21" count="1" type="stmt"/>
        <line num="31" count="1" type="stmt"/>
        <line num="36" count="257" type="stmt"/>
        <line num="40" count="257" type="stmt"/>
        <line num="44" count="257" type="stmt"/>
        <line num="46" count="257" type="cond" truecount="4" falsecount="0"/>
        <line num="47" count="257" type="cond" truecount="4" falsecount="0"/>
        <line num="50" count="257" type="cond" truecount="3" falsecount="1"/>
        <line num="51" count="257" type="cond" truecount="4" falsecount="0"/>
        <line num="52" count="257" type="cond" truecount="4" falsecount="0"/>
        <line num="53" count="257" type="cond" truecount="4" falsecount="0"/>
        <line num="54" count="257" type="cond" truecount="4" falsecount="0"/>
        <line num="56" count="257" type="cond" truecount="1" falsecount="1"/>
        <line num="57" count="0" type="stmt"/>
        <line num="63" count="1" type="stmt"/>
        <line num="64" count="7" type="stmt"/>
        <line num="74" count="1" type="stmt"/>
        <line num="75" count="0" type="stmt"/>
        <line num="76" count="0" type="stmt"/>
        <line num="77" count="0" type="cond" truecount="0" falsecount="2"/>
        <line num="90" count="1" type="stmt"/>
        <line num="91" count="1" type="stmt"/>
        <line num="94" count="1" type="stmt"/>
        <line num="95" count="16" type="stmt"/>
        <line num="97" count="1" type="stmt"/>
        <line num="98" count="7" type="stmt"/>
        <line num="103" count="1" type="stmt"/>
        <line num="104" count="266" type="cond" truecount="1" falsecount="1"/>
        <line num="106" count="1" type="stmt"/>
        <line num="107" count="7" type="stmt"/>
        <line num="109" count="1" type="stmt"/>
        <line num="110" count="7" type="stmt"/>
        <line num="112" count="1" type="stmt"/>
        <line num="113" count="8" type="cond" truecount="1" falsecount="1"/>
        <line num="120" count="257" type="stmt"/>
        <line num="122" count="302" type="stmt"/>
        <line num="123" count="302" type="stmt"/>
        <line num="124" count="302" type="stmt"/>
        <line num="125" count="302" type="stmt"/>
        <line num="126" count="302" type="stmt"/>
        <line num="127" count="302" type="stmt"/>
        <line num="128" count="302" type="stmt"/>
        <line num="129" count="302" type="stmt"/>
        <line num="130" count="302" type="stmt"/>
        <line num="131" count="302" type="stmt"/>
        <line num="142" count="302" type="stmt"/>
        <line num="145" count="257" type="stmt"/>
        <line num="146" count="173" type="cond" truecount="1" falsecount="1"/>
        <line num="147" count="173" type="stmt"/>
        <line num="150" count="1" type="stmt"/>
        <line num="151" count="258" type="stmt"/>
        <line num="154" count="258" type="stmt"/>
        <line num="155" count="258" type="stmt"/>
        <line num="157" count="257" type="stmt"/>
        <line num="158" count="257" type="stmt"/>
        <line num="159" count="257" type="cond" truecount="1" falsecount="1"/>
        <line num="163" count="257" type="stmt"/>
        <line num="165" count="257" type="stmt"/>
        <line num="166" count="1" type="cond" truecount="3" falsecount="1"/>
        <line num="167" count="0" type="stmt"/>
        <line num="170" count="257" type="stmt"/>
        <line num="171" count="1" type="stmt"/>
        <line num="173" count="257" type="stmt"/>
        <line num="174" count="1" type="cond" truecount="1" falsecount="1"/>
        <line num="175" count="1" type="stmt"/>
        <line num="180" count="1" type="stmt"/>
        <line num="182" count="257" type="stmt"/>
        <line num="183" count="1" type="cond" truecount="1" falsecount="1"/>
        <line num="184" count="1" type="cond" truecount="1" falsecount="1"/>
        <line num="186" count="1" type="stmt"/>
        <line num="192" count="1" type="stmt"/>
        <line num="195" count="1" type="stmt"/>
        <line num="196" count="2" type="stmt"/>
        <line num="197" count="2" type="stmt"/>
        <line num="198" count="2" type="stmt"/>
        <line num="199" count="2" type="stmt"/>
        <line num="200" count="2" type="stmt"/>
        <line num="201" count="0" type="stmt"/>
        <line num="204" count="2" type="stmt"/>
        <line num="206" count="1" type="stmt"/>
        <line num="207" count="2" type="cond" truecount="1" falsecount="1"/>
        <line num="208" count="0" type="stmt"/>
        <line num="215" count="1" type="stmt"/>
        <line num="216" count="8" type="cond" truecount="1" falsecount="1"/>
        <line num="217" count="8" type="stmt"/>
        <line num="219" count="1" type="stmt"/>
        <line num="224" count="257" type="cond" truecount="4" falsecount="0"/>
        <line num="225" count="256" type="cond" truecount="3" falsecount="1"/>
        <line num="226" count="0" type="stmt"/>
        <line num="228" count="256" type="stmt"/>
        <line num="229" count="256" type="cond" truecount="2" falsecount="0"/>
        <line num="234" count="256" type="stmt"/>
        <line num="235" count="256" type="stmt"/>
        <line num="237" count="262" type="stmt"/>
        <line num="245" count="2" type="stmt"/>
        <line num="246" count="2" type="stmt"/>
        <line num="247" count="2" type="cond" truecount="2" falsecount="0"/>
        <line num="249" count="2" type="stmt"/>
        <line num="257" count="2" type="stmt"/>
        <line num="264" count="1" type="stmt"/>
        <line num="269" count="1" type="stmt"/>
        <line num="271" count="1" type="stmt"/>
        <line num="277" count="2" type="cond" truecount="1" falsecount="1"/>
        <line num="278" count="3" type="cond" truecount="2" falsecount="0"/>
        <line num="280" count="2" type="stmt"/>
        <line num="284" count="2" type="stmt"/>
        <line num="291" count="2" type="stmt"/>
        <line num="292" count="2" type="stmt"/>
        <line num="294" count="2" type="stmt"/>
        <line num="296" count="2" type="stmt"/>
        <line num="298" count="2" type="cond" truecount="2" falsecount="0"/>
        <line num="304" count="2" type="cond" truecount="2" falsecount="0"/>
        <line num="306" count="1" type="stmt"/>
        <line num="308" count="2" type="stmt"/>
        <line num="311" count="1" type="stmt"/>
        <line num="312" count="1" type="cond" truecount="1" falsecount="1"/>
        <line num="318" count="1" type="cond" truecount="1" falsecount="1"/>
        <line num="322" count="2" type="stmt"/>
        <line num="323" count="2" type="stmt"/>
        <line num="325" count="2" type="stmt"/>
        <line num="331" count="2" type="stmt"/>
        <line num="334" count="2" type="stmt"/>
        <line num="338" count="1" type="stmt"/>
        <line num="341" count="0" type="stmt"/>
      </file>
      <file name="_namespace.ts" path="/home/michaeladmin/code/typedox/src/backend/config/_namespace.ts">
        <metrics statements="5" coveredstatements="5" conditionals="0" coveredconditionals="0" methods="1" coveredmethods="1"/>
        <line num="1" count="1" type="stmt"/>
        <line num="2" count="1" type="stmt"/>
        <line num="3" count="1" type="stmt"/>
        <line num="4" count="1" type="stmt"/>
        <line num="5" count="9" type="stmt"/>
      </file>
      <file name="doxConfigApi.ts" path="/home/michaeladmin/code/typedox/src/backend/config/doxConfigApi.ts">
        <metrics statements="3" coveredstatements="3" conditionals="0" coveredconditionals="0" methods="0" coveredmethods="0"/>
        <line num="1" count="1" type="stmt"/>
        <line num="2" count="1" type="stmt"/>
        <line num="34" count="1" type="stmt"/>
      </file>
      <file name="libArgs.ts" path="/home/michaeladmin/code/typedox/src/backend/config/libArgs.ts">
        <metrics statements="42" coveredstatements="33" conditionals="39" coveredconditionals="15" methods="10" coveredmethods="10"/>
        <line num="1" count="1" type="stmt"/>
        <line num="2" count="1" type="stmt"/>
        <line num="5" count="1" type="stmt"/>
        <line num="8" count="1" type="stmt"/>
        <line num="10" count="1" type="stmt"/>
        <line num="11" count="1" type="cond" truecount="1" falsecount="1"/>
        <line num="12" count="0" type="stmt"/>
        <line num="16" count="1" type="stmt"/>
        <line num="18" count="1" type="stmt"/>
        <line num="19" count="1" type="stmt"/>
        <line num="20" count="1" type="stmt"/>
        <line num="21" count="1" type="stmt"/>
        <line num="22" count="6" type="cond" truecount="1" falsecount="2"/>
        <line num="25" count="6" type="cond" truecount="1" falsecount="2"/>
        <line num="30" count="1" type="cond" truecount="1" falsecount="1"/>
        <line num="31" count="1" type="cond" truecount="1" falsecount="1"/>
        <line num="32" count="1" type="cond" truecount="3" falsecount="1"/>
        <line num="33" count="1" type="stmt"/>
        <line num="38" count="0" type="cond" truecount="0" falsecount="2"/>
        <line num="39" count="0" type="cond" truecount="0" falsecount="2"/>
        <line num="40" count="0" type="cond" truecount="0" falsecount="5"/>
        <line num="41" count="0" type="stmt"/>
        <line num="45" count="0" type="cond" truecount="0" falsecount="2"/>
        <line num="46" count="0" type="cond" truecount="0" falsecount="2"/>
        <line num="47" count="0" type="stmt"/>
        <line num="48" count="0" type="cond" truecount="0" falsecount="2"/>
        <line num="53" count="1" type="stmt"/>
        <line num="57" count="14" type="stmt"/>
        <line num="59" count="1" type="stmt"/>
        <line num="60" count="14" type="stmt"/>
        <line num="61" count="1" type="stmt"/>
        <line num="62" count="2" type="stmt"/>
        <line num="67" count="1" type="cond" truecount="1" falsecount="1"/>
        <line num="68" count="1" type="stmt"/>
        <line num="69" count="1" type="stmt"/>
        <line num="70" count="1" type="stmt"/>
        <line num="72" count="1" type="stmt"/>
        <line num="73" count="6" type="cond" truecount="2" falsecount="0"/>
        <line num="79" count="6" type="cond" truecount="2" falsecount="0"/>
        <line num="80" count="6" type="stmt"/>
        <line num="82" count="1" type="stmt"/>
        <line num="83" count="1" type="stmt"/>
      </file>
      <file name="libConfig.ts" path="/home/michaeladmin/code/typedox/src/backend/config/libConfig.ts">
        <metrics statements="67" coveredstatements="48" conditionals="58" coveredconditionals="31" methods="33" coveredmethods="21"/>
        <line num="1" count="1" type="stmt"/>
        <line num="3" count="1" type="stmt"/>
        <line num="5" count="1" type="stmt"/>
        <line num="8" count="1" type="stmt"/>
        <line num="9" count="1" type="stmt"/>
        <line num="14" count="1" type="stmt"/>
        <line num="17" count="1" type="stmt"/>
        <line num="20" count="1" type="cond" truecount="1" falsecount="1"/>
        <line num="23" count="1" type="stmt"/>
        <line num="24" count="1" type="cond" truecount="1" falsecount="1"/>
        <line num="28" count="1" type="stmt"/>
        <line num="29" count="3" type="stmt"/>
        <line num="30" count="3" type="stmt"/>
        <line num="31" count="3" type="stmt"/>
        <line num="32" count="3" type="cond" truecount="2" falsecount="0"/>
        <line num="33" count="3" type="cond" truecount="3" falsecount="1"/>
        <line num="34" count="3" type="cond" truecount="3" falsecount="1"/>
        <line num="35" count="0" type="stmt"/>
        <line num="36" count="0" type="stmt"/>
        <line num="40" count="1" type="stmt"/>
        <line num="43" count="1" type="stmt"/>
        <line num="45" count="1" type="stmt"/>
        <line num="46" count="1" type="cond" truecount="2" falsecount="0"/>
        <line num="49" count="1" type="stmt"/>
        <line num="50" count="1" type="cond" truecount="2" falsecount="0"/>
        <line num="53" count="1" type="stmt"/>
        <line num="54" count="1" type="stmt"/>
        <line num="56" count="0" type="stmt"/>
        <line num="60" count="1" type="stmt"/>
        <line num="61" count="1" type="stmt"/>
        <line num="64" count="1" type="stmt"/>
        <line num="65" count="1" type="cond" truecount="1" falsecount="1"/>
        <line num="68" count="0" type="stmt"/>
        <line num="72" count="1" type="stmt"/>
        <line num="75" count="1" type="cond" truecount="2" falsecount="0"/>
        <line num="78" count="1" type="stmt"/>
        <line num="80" count="1" type="cond" truecount="2" falsecount="0"/>
        <line num="84" count="1" type="stmt"/>
        <line num="86" count="0" type="stmt"/>
        <line num="89" count="0" type="stmt"/>
        <line num="95" count="0" type="cond" truecount="0" falsecount="2"/>
        <line num="99" count="0" type="cond" truecount="0" falsecount="2"/>
        <line num="103" count="1" type="stmt"/>
        <line num="106" count="0" type="cond" truecount="0" falsecount="2"/>
        <line num="109" count="0" type="cond" truecount="0" falsecount="2"/>
        <line num="113" count="0" type="stmt"/>
        <line num="116" count="0" type="stmt"/>
        <line num="121" count="7" type="cond" truecount="1" falsecount="1"/>
        <line num="122" count="7" type="stmt"/>
        <line num="125" count="0" type="cond" truecount="0" falsecount="2"/>
        <line num="128" count="0" type="stmt"/>
        <line num="136" count="0" type="cond" truecount="0" falsecount="2"/>
        <line num="138" count="0" type="stmt"/>
        <line num="144" count="0" type="cond" truecount="0" falsecount="2"/>
        <line num="145" count="0" type="stmt"/>
        <line num="157" count="1" type="stmt"/>
        <line num="160" count="1" type="stmt"/>
        <line num="161" count="2" type="cond" truecount="2" falsecount="0"/>
        <line num="163" count="2" type="stmt"/>
        <line num="164" count="2" type="stmt"/>
        <line num="165" count="2" type="stmt"/>
        <line num="166" count="2" type="stmt"/>
        <line num="167" count="2" type="stmt"/>
        <line num="168" count="2" type="cond" truecount="2" falsecount="0"/>
        <line num="170" count="2" type="cond" truecount="3" falsecount="1"/>
        <line num="175" count="0" type="cond" truecount="0" falsecount="2"/>
        <line num="181" count="1" type="stmt"/>
      </file>
      <file name="libOpts.ts" path="/home/michaeladmin/code/typedox/src/backend/config/libOpts.ts">
        <metrics statements="33" coveredstatements="31" conditionals="11" coveredconditionals="9" methods="8" coveredmethods="8"/>
        <line num="1" count="1" type="stmt"/>
        <line num="2" count="1" type="stmt"/>
        <line num="6" count="1" type="stmt"/>
        <line num="7" count="1" type="stmt"/>
        <line num="8" count="1" type="cond" truecount="2" falsecount="0"/>
        <line num="10" count="1" type="stmt"/>
        <line num="11" count="1" type="stmt"/>
        <line num="14" count="1" type="stmt"/>
        <line num="15" count="1" type="stmt"/>
        <line num="17" count="1" type="stmt"/>
        <line num="19" count="1" type="stmt"/>
        <line num="25" count="1" type="stmt"/>
        <line num="29" count="1" type="stmt"/>
        <line num="30" count="1" type="stmt"/>
        <line num="31" count="1" type="stmt"/>
        <line num="32" count="1" type="stmt"/>
        <line num="38" count="1" type="stmt"/>
        <line num="41" count="1" type="stmt"/>
        <line num="42" count="3" type="cond" truecount="2" falsecount="0"/>
        <line num="44" count="2" type="stmt"/>
        <line num="45" count="28" type="stmt"/>
        <line num="46" count="14" type="stmt"/>
        <line num="48" count="2" type="stmt"/>
        <line num="50" count="2" type="stmt"/>
        <line num="56" count="1" type="stmt"/>
        <line num="57" count="7" type="stmt"/>
        <line num="58" count="7" type="stmt"/>
        <line num="59" count="7" type="stmt"/>
        <line num="60" count="7" type="stmt"/>
        <line num="62" count="7" type="cond" truecount="4" falsecount="1"/>
        <line num="63" count="0" type="stmt"/>
        <line num="68" count="7" type="cond" truecount="1" falsecount="1"/>
        <line num="69" count="0" type="stmt"/>
      </file>
    </package>
    <package name="backend.logger">
      <metrics statements="101" coveredstatements="57" conditionals="79" coveredconditionals="18" methods="33" coveredmethods="16"/>
      <file name="Logger.ts" path="/home/michaeladmin/code/typedox/src/backend/logger/Logger.ts">
        <metrics statements="41" coveredstatements="33" conditionals="20" coveredconditionals="9" methods="16" coveredmethods="9"/>
        <line num="1" count="1" type="stmt"/>
        <line num="2" count="1" type="stmt"/>
        <line num="3" count="1" type="stmt"/>
        <line num="5" count="1" type="stmt"/>
        <line num="8" count="2" type="cond" truecount="1" falsecount="1"/>
        <line num="9" count="1" type="cond" truecount="1" falsecount="1"/>
        <line num="10" count="1" type="stmt"/>
        <line num="12" count="1" type="stmt"/>
        <line num="13" count="1" type="stmt"/>
        <line num="14" count="1" type="stmt"/>
        <line num="17" count="1" type="stmt"/>
        <line num="19" count="644" type="stmt"/>
        <line num="20" count="116" type="cond" truecount="1" falsecount="1"/>
        <line num="23" count="5" type="stmt"/>
        <line num="24" count="1" type="cond" truecount="1" falsecount="1"/>
        <line num="25" count="1" type="stmt"/>
        <line num="26" count="1" type="stmt"/>
        <line num="27" count="0" type="stmt"/>
        <line num="28" count="1" type="stmt"/>
        <line num="30" count="5" type="stmt"/>
        <line num="31" count="1" type="cond" truecount="2" falsecount="0"/>
        <line num="34" count="1" type="stmt"/>
        <line num="35" count="0" type="stmt"/>
        <line num="37" count="1" type="stmt"/>
        <line num="38" count="0" type="stmt"/>
        <line num="39" count="0" type="stmt"/>
        <line num="42" count="1" type="stmt"/>
        <line num="43" count="0" type="stmt"/>
        <line num="44" count="0" type="cond" truecount="0" falsecount="4"/>
        <line num="47" count="0" type="stmt"/>
        <line num="48" count="0" type="cond" truecount="0" falsecount="2"/>
        <line num="52" count="1" type="stmt"/>
        <line num="53" count="1" type="stmt"/>
        <line num="54" count="8" type="cond" truecount="2" falsecount="0"/>
        <line num="56" count="1" type="stmt"/>
        <line num="57" count="1" type="stmt"/>
        <line num="58" count="1" type="stmt"/>
        <line num="60" count="1" type="stmt"/>
        <line num="61" count="1" type="cond" truecount="1" falsecount="1"/>
        <line num="63" count="118" type="stmt"/>
        <line num="64" count="1" type="stmt"/>
      </file>
      <file name="loggerUtils.ts" path="/home/michaeladmin/code/typedox/src/backend/logger/loggerUtils.ts">
        <metrics statements="60" coveredstatements="24" conditionals="59" coveredconditionals="9" methods="17" coveredmethods="7"/>
        <line num="1" count="1" type="stmt"/>
        <line num="2" count="1" type="stmt"/>
        <line num="3" count="1" type="stmt"/>
        <line num="5" count="1" type="cond" truecount="2" falsecount="0"/>
        <line num="6" count="1" type="stmt"/>
        <line num="7" count="1" type="stmt"/>
        <line num="8" count="1" type="stmt"/>
        <line num="9" count="1" type="stmt"/>
        <line num="12" count="1" type="stmt"/>
        <line num="13" count="117" type="stmt"/>
        <line num="16" count="1" type="stmt"/>
        <line num="17" count="1" type="stmt"/>
        <line num="18" count="1" type="stmt"/>
        <line num="48" count="1" type="stmt"/>
        <line num="49" count="0" type="stmt"/>
        <line num="50" count="0" type="stmt"/>
        <line num="52" count="0" type="stmt"/>
        <line num="53" count="0" type="stmt"/>
        <line num="54" count="0" type="stmt"/>
        <line num="55" count="0" type="stmt"/>
        <line num="56" count="0" type="stmt"/>
        <line num="58" count="0" type="stmt"/>
        <line num="61" count="1" type="stmt"/>
        <line num="63" count="119" type="cond" truecount="2" falsecount="0"/>
        <line num="69" count="119" type="stmt"/>
        <line num="72" count="0" type="stmt"/>
        <line num="73" count="0" type="stmt"/>
        <line num="75" count="0" type="stmt"/>
        <line num="80" count="1" type="stmt"/>
        <line num="81" count="1" type="stmt"/>
        <line num="83" count="1" type="stmt"/>
        <line num="84" count="8" type="cond" truecount="2" falsecount="0"/>
        <line num="87" count="1" type="stmt"/>
        <line num="88" count="180" type="stmt"/>
        <line num="98" count="1" type="stmt"/>
        <line num="103" count="0" type="cond" truecount="0" falsecount="2"/>
        <line num="105" count="0" type="stmt"/>
        <line num="106" count="0" type="cond" truecount="0" falsecount="4"/>
        <line num="108" count="0" type="stmt"/>
        <line num="110" count="0" type="cond" truecount="0" falsecount="2"/>
        <line num="111" count="0" type="stmt"/>
        <line num="117" count="0" type="cond" truecount="0" falsecount="2"/>
        <line num="127" count="0" type="cond" truecount="0" falsecount="2"/>
        <line num="128" count="0" type="cond" truecount="0" falsecount="2"/>
        <line num="129" count="0" type="cond" truecount="0" falsecount="2"/>
        <line num="131" count="0" type="stmt"/>
        <line num="132" count="0" type="stmt"/>
        <line num="133" count="0" type="cond" truecount="0" falsecount="4"/>
        <line num="135" count="0" type="cond" truecount="0" falsecount="2"/>
        <line num="139" count="0" type="cond" truecount="0" falsecount="3"/>
        <line num="142" count="0" type="cond" truecount="0" falsecount="2"/>
        <line num="149" count="0" type="stmt"/>
        <line num="150" count="0" type="cond" truecount="0" falsecount="2"/>
        <line num="151" count="0" type="cond" truecount="0" falsecount="2"/>
        <line num="156" count="0" type="stmt"/>
        <line num="158" count="0" type="stmt"/>
        <line num="160" count="0" type="cond" truecount="0" falsecount="2"/>
        <line num="165" count="0" type="cond" truecount="0" falsecount="2"/>
        <line num="169" count="0" type="stmt"/>
        <line num="173" count="0" type="stmt"/>
      </file>
    </package>
    <package name="backend.projectStructure">
      <metrics statements="363" coveredstatements="288" conditionals="227" coveredconditionals="114" methods="110" coveredmethods="81"/>
      <file name="Branch.ts" path="/home/michaeladmin/code/typedox/src/backend/projectStructure/Branch.ts">
        <metrics statements="45" coveredstatements="27" conditionals="28" coveredconditionals="0" methods="12" coveredmethods="4"/>
        <line num="1" count="1" type="stmt"/>
        <line num="27" count="1" type="stmt"/>
        <line num="29" count="3" type="stmt"/>
        <line num="30" count="3" type="stmt"/>
        <line num="31" count="3" type="stmt"/>
        <line num="32" count="3" type="stmt"/>
        <line num="33" count="3" type="stmt"/>
        <line num="34" count="3" type="stmt"/>
        <line num="35" count="3" type="stmt"/>
        <line num="36" count="3" type="stmt"/>
        <line num="39" count="3" type="stmt"/>
        <line num="40" count="3" type="stmt"/>
        <line num="41" count="3" type="stmt"/>
        <line num="42" count="3" type="stmt"/>
        <line num="43" count="3" type="stmt"/>
        <line num="45" count="1" type="stmt"/>
        <line num="46" count="3" type="stmt"/>
        <line num="48" count="1" type="stmt"/>
        <line num="49" count="3" type="stmt"/>
        <line num="51" count="1" type="stmt"/>
        <line num="52" count="0" type="cond" truecount="0" falsecount="2"/>
        <line num="53" count="0" type="stmt"/>
        <line num="58" count="0" type="stmt"/>
        <line num="60" count="3" type="stmt"/>
        <line num="61" count="0" type="stmt"/>
        <line num="62" count="0" type="cond" truecount="0" falsecount="2"/>
        <line num="66" count="3" type="stmt"/>
        <line num="67" count="0" type="cond" truecount="0" falsecount="2"/>
        <line num="68" count="0" type="stmt"/>
        <line num="70" count="3" type="stmt"/>
        <line num="71" count="0" type="stmt"/>
        <line num="73" count="0" type="cond" truecount="0" falsecount="2"/>
        <line num="94" count="3" type="stmt"/>
        <line num="95" count="0" type="cond" truecount="0" falsecount="2"/>
        <line num="96" count="0" type="cond" truecount="0" falsecount="2"/>
        <line num="97" count="0" type="stmt"/>
        <line num="100" count="3" type="stmt"/>
        <line num="101" count="0" type="cond" truecount="0" falsecount="2"/>
        <line num="102" count="0" type="stmt"/>
        <line num="103" count="0" type="stmt"/>
        <line num="104" count="0" type="stmt"/>
        <line num="107" count="1" type="stmt"/>
        <line num="108" count="0" type="stmt"/>
        <line num="109" count="0" type="cond" truecount="0" falsecount="2"/>
        <line num="111" count="1" type="stmt"/>
      </file>
      <file name="DoxProject.ts" path="/home/michaeladmin/code/typedox/src/backend/projectStructure/DoxProject.ts">
        <metrics statements="55" coveredstatements="50" conditionals="36" coveredconditionals="18" methods="19" coveredmethods="17"/>
        <line num="1" count="1" type="stmt"/>
        <line num="2" count="1" type="stmt"/>
        <line num="3" count="1" type="stmt"/>
        <line num="4" count="1" type="stmt"/>
        <line num="32" count="1" type="stmt"/>
        <line num="39" count="1" type="cond" truecount="2" falsecount="0"/>
        <line num="41" count="1" type="stmt"/>
        <line num="42" count="1" type="stmt"/>
        <line num="43" count="1" type="stmt"/>
        <line num="46" count="1" type="stmt"/>
        <line num="47" count="1" type="stmt"/>
        <line num="48" count="1" type="stmt"/>
        <line num="49" count="1" type="stmt"/>
        <line num="50" count="1" type="stmt"/>
        <line num="53" count="1" type="stmt"/>
        <line num="55" count="1" type="stmt"/>
        <line num="56" count="1" type="stmt"/>
        <line num="58" count="2" type="stmt"/>
        <line num="59" count="2" type="stmt"/>
        <line num="62" count="2" type="stmt"/>
        <line num="67" count="1" type="stmt"/>
        <line num="69" count="1" type="stmt"/>
        <line num="70" count="1" type="stmt"/>
        <line num="72" count="2" type="cond" truecount="1" falsecount="1"/>
        <line num="74" count="2" type="stmt"/>
        <line num="78" count="2" type="stmt"/>
        <line num="80" count="2" type="cond" truecount="3" falsecount="1"/>
        <line num="81" count="2" type="stmt"/>
        <line num="83" count="2" type="stmt"/>
        <line num="88" count="1" type="stmt"/>
        <line num="91" count="1" type="stmt"/>
        <line num="99" count="0" type="stmt"/>
        <line num="109" count="1" type="stmt"/>
        <line num="116" count="3" type="stmt"/>
        <line num="121" count="3" type="cond" truecount="1" falsecount="1"/>
        <line num="122" count="0" type="stmt"/>
        <line num="127" count="0" type="stmt"/>
        <line num="129" count="3" type="cond" truecount="4" falsecount="0"/>
        <line num="132" count="2" type="stmt"/>
        <line num="133" count="2" type="cond" truecount="1" falsecount="1"/>
        <line num="134" count="0" type="stmt"/>
        <line num="140" count="2" type="stmt"/>
        <line num="143" count="2" type="stmt"/>
        <line num="144" count="27" type="stmt"/>
        <line num="145" count="52" type="stmt"/>
        <line num="146" count="27" type="stmt"/>
        <line num="149" count="2" type="stmt"/>
        <line num="151" count="2" type="stmt"/>
        <line num="152" count="2" type="cond" truecount="1" falsecount="1"/>
        <line num="153" count="0" type="stmt"/>
        <line num="164" count="7" type="stmt"/>
        <line num="165" count="7" type="stmt"/>
        <line num="166" count="7" type="stmt"/>
        <line num="167" count="7" type="stmt"/>
        <line num="168" count="7" type="cond" truecount="2" falsecount="0"/>
      </file>
      <file name="NpmPackage.ts" path="/home/michaeladmin/code/typedox/src/backend/projectStructure/NpmPackage.ts">
        <metrics statements="31" coveredstatements="30" conditionals="8" coveredconditionals="8" methods="11" coveredmethods="10"/>
        <line num="1" count="1" type="stmt"/>
        <line num="2" count="1" type="stmt"/>
        <line num="30" count="1" type="stmt"/>
        <line num="42" count="1" type="cond" truecount="2" falsecount="0"/>
        <line num="43" count="1" type="stmt"/>
        <line num="44" count="2" type="stmt"/>
        <line num="46" count="1" type="stmt"/>
        <line num="47" count="1" type="stmt"/>
        <line num="48" count="1" type="stmt"/>
        <line num="49" count="1" type="stmt"/>
        <line num="52" count="1" type="stmt"/>
        <line num="53" count="0" type="stmt"/>
        <line num="57" count="1" type="stmt"/>
        <line num="58" count="1" type="stmt"/>
        <line num="59" count="1" type="stmt"/>
        <line num="60" count="6" type="stmt"/>
        <line num="61" count="3" type="stmt"/>
        <line num="62" count="3" type="stmt"/>
        <line num="64" count="53" type="stmt"/>
        <line num="66" count="3" type="stmt"/>
        <line num="69" count="1" type="stmt"/>
        <line num="71" count="1" type="stmt"/>
        <line num="74" count="3" type="stmt"/>
        <line num="76" count="1" type="stmt"/>
        <line num="80" count="3" type="stmt"/>
        <line num="83" count="3" type="stmt"/>
        <line num="91" count="5" type="stmt"/>
        <line num="92" count="15" type="cond" truecount="2" falsecount="0"/>
        <line num="94" count="5" type="cond" truecount="2" falsecount="0"/>
        <line num="96" count="5" type="cond" truecount="2" falsecount="0"/>
        <line num="101" count="1" type="stmt"/>
      </file>
      <file name="Relation.ts" path="/home/michaeladmin/code/typedox/src/backend/projectStructure/Relation.ts">
        <metrics statements="91" coveredstatements="75" conditionals="58" coveredconditionals="42" methods="21" coveredmethods="15"/>
        <line num="1" count="1" type="stmt"/>
        <line num="2" count="1" type="stmt"/>
        <line num="18" count="1" type="stmt"/>
        <line num="26" count="113" type="cond" truecount="2" falsecount="0"/>
        <line num="27" count="113" type="stmt"/>
        <line num="28" count="113" type="stmt"/>
        <line num="29" count="113" type="stmt"/>
        <line num="30" count="113" type="stmt"/>
        <line num="31" count="113" type="stmt"/>
        <line num="33" count="113" type="stmt"/>
        <line num="36" count="1" type="stmt"/>
        <line num="37" count="23" type="stmt"/>
        <line num="38" count="23" type="stmt"/>
        <line num="41" count="1" type="stmt"/>
        <line num="42" count="23" type="stmt"/>
        <line num="54" count="1" type="stmt"/>
        <line num="56" count="251" type="cond" truecount="2" falsecount="0"/>
        <line num="57" count="251" type="cond" truecount="2" falsecount="0"/>
        <line num="59" count="138" type="cond" truecount="4" falsecount="0"/>
        <line num="60" count="48" type="stmt"/>
        <line num="64" count="48" type="cond" truecount="2" falsecount="0"/>
        <line num="89" count="1" type="stmt"/>
        <line num="93" count="9" type="stmt"/>
        <line num="95" count="9" type="stmt"/>
        <line num="96" count="9" type="stmt"/>
        <line num="97" count="9" type="stmt"/>
        <line num="98" count="9" type="cond" truecount="3" falsecount="1"/>
        <line num="100" count="9" type="stmt"/>
        <line num="101" count="9" type="stmt"/>
        <line num="103" count="1" type="stmt"/>
        <line num="104" count="24" type="stmt"/>
        <line num="106" count="24" type="cond" truecount="1" falsecount="1"/>
        <line num="107" count="24" type="stmt"/>
        <line num="108" count="24" type="stmt"/>
        <line num="109" count="24" type="stmt"/>
        <line num="111" count="0" type="stmt"/>
        <line num="117" count="1" type="stmt"/>
        <line num="118" count="0" type="stmt"/>
        <line num="120" count="0" type="stmt"/>
        <line num="121" count="0" type="stmt"/>
        <line num="122" count="0" type="stmt"/>
        <line num="125" count="8" type="stmt"/>
        <line num="126" count="8" type="stmt"/>
        <line num="128" count="8" type="stmt"/>
        <line num="129" count="8" type="stmt"/>
        <line num="130" count="8" type="stmt"/>
        <line num="132" count="8" type="cond" truecount="3" falsecount="1"/>
        <line num="133" count="44" type="cond" truecount="1" falsecount="1"/>
        <line num="134" count="0" type="stmt"/>
        <line num="137" count="44" type="stmt"/>
        <line num="138" count="44" type="stmt"/>
        <line num="140" count="44" type="cond" truecount="1" falsecount="1"/>
        <line num="141" count="44" type="stmt"/>
        <line num="142" count="44" type="stmt"/>
        <line num="145" count="2" type="stmt"/>
        <line num="146" count="2" type="stmt"/>
        <line num="148" count="2" type="stmt"/>
        <line num="149" count="2" type="stmt"/>
        <line num="151" count="2" type="cond" truecount="3" falsecount="1"/>
        <line num="152" count="0" type="stmt"/>
        <line num="154" count="0" type="stmt"/>
        <line num="155" count="0" type="stmt"/>
        <line num="158" count="1" type="stmt"/>
        <line num="159" count="3" type="stmt"/>
        <line num="161" count="3" type="stmt"/>
        <line num="162" count="3" type="stmt"/>
        <line num="164" count="3" type="cond" truecount="4" falsecount="2"/>
        <line num="170" count="0" type="stmt"/>
        <line num="172" count="0" type="cond" truecount="0" falsecount="4"/>
        <line num="173" count="0" type="stmt"/>
        <line num="174" count="0" type="stmt"/>
        <line num="177" count="0" type="stmt"/>
        <line num="178" count="0" type="cond" truecount="0" falsecount="2"/>
        <line num="181" count="0" type="stmt"/>
        <line num="185" count="1" type="stmt"/>
        <line num="186" count="3" type="stmt"/>
        <line num="188" count="3" type="stmt"/>
        <line num="190" count="1" type="stmt"/>
        <line num="191" count="1" type="stmt"/>
        <line num="193" count="1" type="stmt"/>
        <line num="194" count="1" type="stmt"/>
        <line num="195" count="1" type="stmt"/>
        <line num="197" count="1" type="stmt"/>
        <line num="198" count="1" type="stmt"/>
        <line num="200" count="1" type="stmt"/>
        <line num="201" count="1" type="stmt"/>
        <line num="203" count="1" type="stmt"/>
        <line num="204" count="1" type="stmt"/>
        <line num="210" count="1" type="stmt"/>
        <line num="212" count="1" type="stmt"/>
        <line num="215" count="51" type="stmt"/>
      </file>
      <file name="TsDeclaration.ts" path="/home/michaeladmin/code/typedox/src/backend/projectStructure/TsDeclaration.ts">
        <metrics statements="71" coveredstatements="44" conditionals="65" coveredconditionals="24" methods="15" coveredmethods="9"/>
        <line num="1" count="1" type="stmt"/>
        <line num="2" count="1" type="stmt"/>
        <line num="31" count="1" type="stmt"/>
        <line num="39" count="113" type="stmt"/>
        <line num="40" count="113" type="stmt"/>
        <line num="45" count="113" type="cond" truecount="2" falsecount="0"/>
        <line num="46" count="113" type="stmt"/>
        <line num="48" count="113" type="stmt"/>
        <line num="50" count="113" type="stmt"/>
        <line num="51" count="113" type="stmt"/>
        <line num="52" count="113" type="stmt"/>
        <line num="53" count="113" type="stmt"/>
        <line num="54" count="113" type="stmt"/>
        <line num="56" count="113" type="cond" truecount="4" falsecount="0"/>
        <line num="57" count="78" type="stmt"/>
        <line num="59" count="35" type="stmt"/>
        <line num="61" count="1" type="stmt"/>
        <line num="62" count="0" type="stmt"/>
        <line num="64" count="0" type="cond" truecount="0" falsecount="2"/>
        <line num="66" count="0" type="stmt"/>
        <line num="69" count="0" type="cond" truecount="0" falsecount="3"/>
        <line num="73" count="0" type="cond" truecount="0" falsecount="2"/>
        <line num="76" count="0" type="cond" truecount="0" falsecount="2"/>
        <line num="94" count="0" type="cond" truecount="0" falsecount="2"/>
        <line num="96" count="0" type="stmt"/>
        <line num="99" count="94" type="cond" truecount="4" falsecount="0"/>
        <line num="100" count="59" type="cond" truecount="2" falsecount="0"/>
        <line num="102" count="39" type="cond" truecount="2" falsecount="0"/>
        <line num="119" count="1" type="stmt"/>
        <line num="120" count="1" type="stmt"/>
        <line num="123" count="1" type="stmt"/>
        <line num="124" count="0" type="stmt"/>
        <line num="127" count="1" type="stmt"/>
        <line num="128" count="2" type="stmt"/>
        <line num="130" count="2" type="stmt"/>
        <line num="132" count="113" type="stmt"/>
        <line num="133" count="0" type="stmt"/>
        <line num="135" count="0" type="stmt"/>
        <line num="137" count="113" type="stmt"/>
        <line num="138" count="3" type="stmt"/>
        <line num="140" count="3" type="stmt"/>
        <line num="142" count="1" type="stmt"/>
        <line num="143" count="9" type="stmt"/>
        <line num="145" count="9" type="stmt"/>
        <line num="146" count="9" type="stmt"/>
        <line num="150" count="1" type="stmt"/>
        <line num="151" count="24" type="stmt"/>
        <line num="153" count="24" type="stmt"/>
        <line num="155" count="24" type="cond" truecount="1" falsecount="1"/>
        <line num="156" count="0" type="stmt"/>
        <line num="161" count="24" type="stmt"/>
        <line num="162" count="24" type="stmt"/>
        <line num="165" count="1" type="stmt"/>
        <line num="166" count="0" type="stmt"/>
        <line num="167" count="0" type="stmt"/>
        <line num="169" count="0" type="cond" truecount="0" falsecount="2"/>
        <line num="170" count="0" type="stmt"/>
        <line num="171" count="0" type="stmt"/>
        <line num="173" count="0" type="cond" truecount="0" falsecount="2"/>
        <line num="175" count="0" type="cond" truecount="0" falsecount="2"/>
        <line num="176" count="0" type="stmt"/>
        <line num="178" count="0" type="cond" truecount="0" falsecount="2"/>
        <line num="182" count="0" type="stmt"/>
        <line num="185" count="0" type="stmt"/>
        <line num="187" count="1" type="stmt"/>
        <line num="189" count="1" type="stmt"/>
        <line num="191" count="0" type="stmt"/>
        <line num="204" count="0" type="cond" truecount="0" falsecount="2"/>
        <line num="205" count="0" type="stmt"/>
        <line num="206" count="0" type="stmt"/>
        <line num="218" count="39" type="stmt"/>
      </file>
      <file name="TsReference.ts" path="/home/michaeladmin/code/typedox/src/backend/projectStructure/TsReference.ts">
        <metrics statements="33" coveredstatements="30" conditionals="14" coveredconditionals="11" methods="12" coveredmethods="10"/>
        <line num="2" count="1" type="stmt"/>
        <line num="29" count="1" type="stmt"/>
        <line num="32" count="3" type="stmt"/>
        <line num="33" count="3" type="stmt"/>
        <line num="43" count="3" type="cond" truecount="2" falsecount="0"/>
        <line num="45" count="3" type="stmt"/>
        <line num="46" count="3" type="stmt"/>
        <line num="47" count="3" type="stmt"/>
        <line num="48" count="3" type="stmt"/>
        <line num="63" count="3" type="stmt"/>
        <line num="64" count="26" type="stmt"/>
        <line num="67" count="3" type="stmt"/>
        <line num="68" count="26" type="stmt"/>
        <line num="70" count="3" type="stmt"/>
        <line num="71" count="32" type="cond" truecount="2" falsecount="0"/>
        <line num="72" count="29" type="stmt"/>
        <line num="73" count="27" type="cond" truecount="1" falsecount="1"/>
        <line num="74" count="27" type="stmt"/>
        <line num="76" count="27" type="cond" truecount="1" falsecount="1"/>
        <line num="77" count="0" type="stmt"/>
        <line num="83" count="27" type="cond" truecount="3" falsecount="1"/>
        <line num="85" count="27" type="cond" truecount="2" falsecount="0"/>
        <line num="86" count="1" type="stmt"/>
        <line num="92" count="26" type="stmt"/>
        <line num="97" count="26" type="stmt"/>
        <line num="99" count="26" type="stmt"/>
        <line num="102" count="1" type="stmt"/>
        <line num="103" count="3" type="stmt"/>
        <line num="104" count="0" type="stmt"/>
        <line num="108" count="1" type="stmt"/>
        <line num="109" count="3" type="stmt"/>
        <line num="110" count="0" type="stmt"/>
        <line num="113" count="1" type="stmt"/>
      </file>
      <file name="TsSourceFile.ts" path="/home/michaeladmin/code/typedox/src/backend/projectStructure/TsSourceFile.ts">
        <metrics statements="30" coveredstatements="25" conditionals="18" coveredconditionals="11" methods="13" coveredmethods="9"/>
        <line num="2" count="1" type="stmt"/>
        <line num="29" count="1" type="stmt"/>
        <line num="35" count="26" type="stmt"/>
        <line num="43" count="26" type="cond" truecount="2" falsecount="0"/>
        <line num="44" count="26" type="stmt"/>
        <line num="45" count="26" type="stmt"/>
        <line num="47" count="26" type="stmt"/>
        <line num="48" count="26" type="stmt"/>
        <line num="49" count="26" type="stmt"/>
        <line num="50" count="26" type="stmt"/>
        <line num="51" count="26" type="cond" truecount="3" falsecount="1"/>
        <line num="52" count="26" type="cond" truecount="1" falsecount="1"/>
        <line num="54" count="26" type="stmt"/>
        <line num="57" count="26" type="stmt"/>
        <line num="58" count="26" type="stmt"/>
        <line num="61" count="0" type="cond" truecount="0" falsecount="2"/>
        <line num="65" count="0" type="stmt"/>
        <line num="66" count="0" type="stmt"/>
        <line num="68" count="0" type="stmt"/>
        <line num="71" count="0" type="cond" truecount="0" falsecount="2"/>
        <line num="74" count="26" type="stmt"/>
        <line num="75" count="26" type="cond" truecount="3" falsecount="1"/>
        <line num="78" count="110" type="cond" truecount="2" falsecount="0"/>
        <line num="83" count="5" type="stmt"/>
        <line num="91" count="113" type="stmt"/>
        <line num="92" count="113" type="stmt"/>
        <line num="95" count="26" type="stmt"/>
        <line num="96" count="26" type="stmt"/>
        <line num="97" count="113" type="stmt"/>
        <line num="100" count="1" type="stmt"/>
      </file>
      <file name="_namespace.ts" path="/home/michaeladmin/code/typedox/src/backend/projectStructure/_namespace.ts">
        <metrics statements="7" coveredstatements="7" conditionals="0" coveredconditionals="0" methods="7" coveredmethods="7"/>
        <line num="1" count="2" type="stmt"/>
        <line num="2" count="2" type="stmt"/>
        <line num="3" count="7" type="stmt"/>
        <line num="4" count="27" type="stmt"/>
        <line num="5" count="114" type="stmt"/>
        <line num="6" count="4" type="stmt"/>
        <line num="7" count="114" type="stmt"/>
      </file>
    </package>
    <package name="backend.serialiser">
      <metrics statements="28" coveredstatements="4" conditionals="4" coveredconditionals="0" methods="13" coveredmethods="0"/>
      <file name="_namespace.ts" path="/home/michaeladmin/code/typedox/src/backend/serialiser/_namespace.ts">
        <metrics statements="1" coveredstatements="1" conditionals="0" coveredconditionals="0" methods="0" coveredmethods="0"/>
        <line num="1" count="1" type="stmt"/>
      </file>
      <file name="serialiser.ts" path="/home/michaeladmin/code/typedox/src/backend/serialiser/serialiser.ts">
        <metrics statements="27" coveredstatements="3" conditionals="4" coveredconditionals="0" methods="13" coveredmethods="0"/>
        <line num="10" count="1" type="stmt"/>
        <line num="11" count="0" type="stmt"/>
        <line num="12" count="0" type="stmt"/>
        <line num="13" count="0" type="stmt"/>
        <line num="15" count="0" type="stmt"/>
        <line num="19" count="1" type="stmt"/>
        <line num="20" count="0" type="stmt"/>
        <line num="21" count="0" type="stmt"/>
        <line num="22" count="0" type="stmt"/>
        <line num="23" count="0" type="stmt"/>
        <line num="28" count="0" type="stmt"/>
        <line num="35" count="1" type="stmt"/>
        <line num="36" count="0" type="stmt"/>
        <line num="37" count="0" type="stmt"/>
        <line num="39" count="0" type="stmt"/>
        <line num="50" count="0" type="stmt"/>
        <line num="52" count="0" type="stmt"/>
        <line num="63" count="0" type="stmt"/>
        <line num="67" count="0" type="stmt"/>
        <line num="71" count="0" type="stmt"/>
        <line num="75" count="0" type="stmt"/>
        <line num="79" count="0" type="stmt"/>
        <line num="87" count="0" type="stmt"/>
        <line num="88" count="0" type="stmt"/>
        <line num="89" count="0" type="stmt"/>
        <line num="90" count="0" type="stmt"/>
        <line num="92" count="0" type="stmt"/>
      </file>
    </package>
    <package name="backend.tscApiWrapper">
      <metrics statements="182" coveredstatements="144" conditionals="101" coveredconditionals="59" methods="70" coveredmethods="47"/>
      <file name="TsWrapper.ts" path="/home/michaeladmin/code/typedox/src/backend/tscApiWrapper/TsWrapper.ts">
        <metrics statements="81" coveredstatements="63" conditionals="17" coveredconditionals="10" methods="35" coveredmethods="22"/>
        <line num="1" count="1" type="stmt"/>
        <line num="2" count="1" type="stmt"/>
        <line num="3" count="1" type="stmt"/>
        <line num="8" count="1" type="stmt"/>
        <line num="15" count="135" type="cond" truecount="2" falsecount="0"/>
        <line num="16" count="135" type="stmt"/>
        <line num="18" count="135" type="cond" truecount="2" falsecount="0"/>
        <line num="19" count="135" type="cond" truecount="2" falsecount="0"/>
        <line num="20" count="135" type="cond" truecount="1" falsecount="1"/>
        <line num="22" count="1" type="stmt"/>
        <line num="23" count="2113" type="stmt"/>
        <line num="25" count="1" type="stmt"/>
        <line num="26" count="155" type="stmt"/>
        <line num="28" count="1" type="stmt"/>
        <line num="29" count="135" type="stmt"/>
        <line num="31" count="1" type="stmt"/>
        <line num="32" count="155" type="stmt"/>
        <line num="34" count="1" type="stmt"/>
        <line num="35" count="937" type="stmt"/>
        <line num="37" count="1" type="stmt"/>
        <line num="38" count="521" type="stmt"/>
        <line num="40" count="1" type="stmt"/>
        <line num="41" count="113" type="stmt"/>
        <line num="44" count="1" type="stmt"/>
        <line num="45" count="113" type="stmt"/>
        <line num="48" count="1" type="stmt"/>
        <line num="49" count="0" type="stmt"/>
        <line num="52" count="1" type="stmt"/>
        <line num="53" count="137" type="stmt"/>
        <line num="56" count="1" type="stmt"/>
        <line num="57" count="0" type="stmt"/>
        <line num="59" count="1" type="stmt"/>
        <line num="60" count="0" type="stmt"/>
        <line num="62" count="1" type="stmt"/>
        <line num="63" count="0" type="stmt"/>
        <line num="65" count="1" type="stmt"/>
        <line num="66" count="64" type="stmt"/>
        <line num="68" count="1" type="stmt"/>
        <line num="69" count="0" type="stmt"/>
        <line num="71" count="1" type="stmt"/>
        <line num="72" count="0" type="stmt"/>
        <line num="74" count="1" type="stmt"/>
        <line num="75" count="0" type="stmt"/>
        <line num="77" count="1" type="stmt"/>
        <line num="78" count="305" type="stmt"/>
        <line num="80" count="1" type="stmt"/>
        <line num="81" count="21" type="stmt"/>
        <line num="84" count="1" type="stmt"/>
        <line num="85" count="23" type="stmt"/>
        <line num="87" count="1" type="stmt"/>
        <line num="88" count="93" type="stmt"/>
        <line num="90" count="1" type="stmt"/>
        <line num="91" count="0" type="stmt"/>
        <line num="93" count="1" type="stmt"/>
        <line num="94" count="10" type="stmt"/>
        <line num="96" count="1" type="stmt"/>
        <line num="97" count="0" type="stmt"/>
        <line num="99" count="1" type="stmt"/>
        <line num="100" count="0" type="stmt"/>
        <line num="101" count="0" type="cond" truecount="0" falsecount="2"/>
        <line num="103" count="1" type="stmt"/>
        <line num="104" count="0" type="stmt"/>
        <line num="105" count="0" type="cond" truecount="0" falsecount="2"/>
        <line num="111" count="1" type="stmt"/>
        <line num="112" count="90" type="stmt"/>
        <line num="115" count="1" type="stmt"/>
        <line num="116" count="90" type="stmt"/>
        <line num="119" count="1" type="stmt"/>
        <line num="120" count="263" type="stmt"/>
        <line num="127" count="1" type="stmt"/>
        <line num="128" count="45" type="stmt"/>
        <line num="130" count="1" type="stmt"/>
        <line num="131" count="45" type="stmt"/>
        <line num="135" count="1" type="stmt"/>
        <line num="136" count="0" type="stmt"/>
        <line num="138" count="0" type="stmt"/>
        <line num="139" count="0" type="stmt"/>
        <line num="140" count="0" type="cond" truecount="0" falsecount="2"/>
        <line num="143" count="0" type="stmt"/>
        <line num="145" count="1" type="stmt"/>
        <line num="147" count="1" type="stmt"/>
      </file>
      <file name="TsWrapperCache.ts" path="/home/michaeladmin/code/typedox/src/backend/tscApiWrapper/TsWrapperCache.ts">
        <metrics statements="57" coveredstatements="49" conditionals="38" coveredconditionals="25" methods="20" coveredmethods="15"/>
        <line num="1" count="1" type="stmt"/>
        <line num="2" count="1" type="stmt"/>
        <line num="4" count="1" type="stmt"/>
        <line num="5" count="135" type="stmt"/>
        <line num="8" count="135" type="stmt"/>
        <line num="9" count="135" type="stmt"/>
        <line num="12" count="135" type="stmt"/>
        <line num="16" count="135" type="cond" truecount="1" falsecount="1"/>
        <line num="21" count="135" type="stmt"/>
        <line num="22" count="2113" type="cond" truecount="4" falsecount="0"/>
        <line num="27" count="1" type="stmt"/>
        <line num="32" count="1" type="stmt"/>
        <line num="34" count="1" type="stmt"/>
        <line num="36" count="106" type="stmt"/>
        <line num="37" count="106" type="stmt"/>
        <line num="38" count="106" type="stmt"/>
        <line num="40" count="106" type="stmt"/>
        <line num="43" count="20" type="stmt"/>
        <line num="44" count="20" type="cond" truecount="1" falsecount="1"/>
        <line num="49" count="20" type="stmt"/>
        <line num="51" count="20" type="stmt"/>
        <line num="54" count="113" type="stmt"/>
        <line num="55" count="113" type="stmt"/>
        <line num="56" count="113" type="stmt"/>
        <line num="58" count="113" type="stmt"/>
        <line num="61" count="0" type="stmt"/>
        <line num="62" count="0" type="cond" truecount="0" falsecount="2"/>
        <line num="67" count="232" type="stmt"/>
        <line num="68" count="232" type="stmt"/>
        <line num="71" count="21" type="stmt"/>
        <line num="72" count="21" type="stmt"/>
        <line num="73" count="21" type="cond" truecount="1" falsecount="1"/>
        <line num="75" count="21" type="cond" truecount="1" falsecount="1"/>
        <line num="76" count="21" type="cond" truecount="6" falsecount="2"/>
        <line num="81" count="23" type="stmt"/>
        <line num="82" count="23" type="stmt"/>
        <line num="85" count="45" type="stmt"/>
        <line num="86" count="45" type="cond" truecount="4" falsecount="0"/>
        <line num="87" count="21" type="stmt"/>
        <line num="88" count="24" type="stmt"/>
        <line num="95" count="0" type="stmt"/>
        <line num="97" count="0" type="stmt"/>
        <line num="100" count="35" type="stmt"/>
        <line num="102" count="35" type="stmt"/>
        <line num="105" count="91" type="cond" truecount="2" falsecount="0"/>
        <line num="106" count="56" type="stmt"/>
        <line num="110" count="0" type="stmt"/>
        <line num="112" count="0" type="stmt"/>
        <line num="115" count="10" type="stmt"/>
        <line num="117" count="10" type="stmt"/>
        <line num="121" count="1" type="stmt"/>
        <line num="122" count="173" type="cond" truecount="2" falsecount="0"/>
        <line num="123" count="173" type="cond" truecount="2" falsecount="0"/>
        <line num="125" count="173" type="stmt"/>
        <line num="128" count="1" type="stmt"/>
        <line num="130" count="0" type="stmt"/>
        <line num="139" count="0" type="stmt"/>
      </file>
      <file name="_namespace.ts" path="/home/michaeladmin/code/typedox/src/backend/tscApiWrapper/_namespace.ts">
        <metrics statements="3" coveredstatements="3" conditionals="0" coveredconditionals="0" methods="4" coveredmethods="2"/>
        <line num="1" count="1" type="stmt"/>
        <line num="2" count="174" type="stmt"/>
        <line num="3" count="136" type="stmt"/>
      </file>
      <file name="tsWrapperUtils.ts" path="/home/michaeladmin/code/typedox/src/backend/tscApiWrapper/tsWrapperUtils.ts">
        <metrics statements="41" coveredstatements="29" conditionals="46" coveredconditionals="24" methods="11" coveredmethods="8"/>
        <line num="1" count="1" type="stmt"/>
        <line num="2" count="1" type="stmt"/>
        <line num="8" count="1" type="stmt"/>
        <line num="24" count="1" type="stmt"/>
        <line num="25" count="0" type="stmt"/>
        <line num="27" count="0" type="cond" truecount="0" falsecount="3"/>
        <line num="30" count="0" type="cond" truecount="0" falsecount="3"/>
        <line num="34" count="0" type="stmt"/>
        <line num="37" count="1" type="stmt"/>
        <line num="42" count="24" type="cond" truecount="3" falsecount="1"/>
        <line num="45" count="24" type="cond" truecount="3" falsecount="1"/>
        <line num="46" count="0" type="stmt"/>
        <line num="50" count="24" type="cond" truecount="1" falsecount="1"/>
        <line num="53" count="1" type="stmt"/>
        <line num="54" count="106" type="stmt"/>
        <line num="55" count="106" type="cond" truecount="4" falsecount="0"/>
        <line num="65" count="1" type="stmt"/>
        <line num="66" count="0" type="stmt"/>
        <line num="67" count="0" type="cond" truecount="0" falsecount="2"/>
        <line num="75" count="1" type="stmt"/>
        <line num="79" count="40" type="cond" truecount="1" falsecount="1"/>
        <line num="81" count="20" type="cond" truecount="4" falsecount="0"/>
        <line num="83" count="8" type="stmt"/>
        <line num="84" count="8" type="stmt"/>
        <line num="85" count="8" type="cond" truecount="1" falsecount="1"/>
        <line num="86" count="0" type="stmt"/>
        <line num="92" count="0" type="stmt"/>
        <line num="93" count="0" type="cond" truecount="0" falsecount="4"/>
        <line num="94" count="0" type="stmt"/>
        <line num="101" count="8" type="cond" truecount="1" falsecount="1"/>
        <line num="106" count="1" type="stmt"/>
        <line num="107" count="154" type="stmt"/>
        <line num="110" count="6" type="stmt"/>
        <line num="114" count="5" type="stmt"/>
        <line num="116" count="8" type="cond" truecount="1" falsecount="1"/>
        <line num="120" count="8" type="stmt"/>
        <line num="123" count="0" type="stmt"/>
        <line num="132" count="1" type="stmt"/>
        <line num="138" count="573" type="cond" truecount="2" falsecount="0"/>
        <line num="139" count="516" type="cond" truecount="2" falsecount="0"/>
        <line num="140" count="175" type="stmt"/>
      </file>
    </package>
  </project>
</coverage>
